WORKDIR environment variable must be set, as it is to a location in which the build infrastructure can be stored, defaulting to /srv/workdir
========================================
  Bootstrapping Build (online)
========================================

Using local build at /srv/git/Bootstrap, ignoring build-env.properties

========================================
  Build Environment
========================================

Build Version: 

java version "1.5.0_10"
Java(TM) 2 Runtime Environment, Standard Edition (build 1.5.0_10-b03)
Java HotSpot(TM) Client VM (build 1.5.0_10-b03, mixed mode)

Loading plugins
    Loaded plugin {com.volantis.build}:product
    Loaded plugin {com.volantis.build}:javacc
    Loaded plugin {com.volantis.build}:volantis-mock
    Loaded plugin {com.volantis.build}:jpox
    Loaded plugin {com.volantis.build}:jibx
    Loaded plugin {com.volantis.build}:docbook
    Loaded plugin {com.volantis.build}:subsystem

Loading builtin plugins
    Loaded plugin {org.grease.ide}:ide
    Loaded plugin {org.grease.ide.idea}:idea

Finding project directory
  /srv/git/Synergetics

Initializing plugins
  {org.grease.ide}:ide
  {com.volantis.build}:product
  {com.volantis.build}:subsystem
    Loaded additional plugins
      {com.volantis.build}:subsystem-cache
      {com.volantis.build}:subsystem-cm-monitor
      {com.volantis.build}:subsystem-cornerstone
      {com.volantis.build}:subsystem-descriptor-store
      {com.volantis.build}:subsystem-directory-monitor
      {com.volantis.build}:subsystem-domvisitor
      {com.volantis.build}:subsystem-localization
      {com.volantis.build}:subsystem-metadata
      {com.volantis.build}:subsystem-mock
      {com.volantis.build}:subsystem-net
      {com.volantis.build}:subsystem-old-cache
      {com.volantis.build}:subsystem-osgi-boot
      {com.volantis.build}:subsystem-osgi-cm
      {com.volantis.build}:subsystem-osgi-framework
      {com.volantis.build}:subsystem-osgi-j2ee-bridge
      {com.volantis.build}:subsystem-performance
      {com.volantis.build}:subsystem-performance-arm
      {com.volantis.build}:subsystem-reporting
      {com.volantis.build}:subsystem-repository
      {com.volantis.build}:subsystem-runtime
      {com.volantis.build}:subsystem-testtools
      {com.volantis.build}:subsystem-xml-utils
  {com.volantis.build}:javacc
  {com.volantis.build}:volantis-mock
  {com.volantis.build}:jpox
  {com.volantis.build}:jibx
  {com.volantis.build}:docbook
  {org.grease.ide.idea}:idea
  {com.volantis.build}:subsystem-cache
  {com.volantis.build}:subsystem-cm-monitor
  {com.volantis.build}:subsystem-cornerstone
  {com.volantis.build}:subsystem-descriptor-store
  {com.volantis.build}:subsystem-directory-monitor
  {com.volantis.build}:subsystem-domvisitor
  {com.volantis.build}:subsystem-localization
  {com.volantis.build}:subsystem-metadata
  {com.volantis.build}:subsystem-mock
  {com.volantis.build}:subsystem-net
  {com.volantis.build}:subsystem-old-cache
  {com.volantis.build}:subsystem-osgi-boot
  {com.volantis.build}:subsystem-osgi-cm
  {com.volantis.build}:subsystem-osgi-framework
  {com.volantis.build}:subsystem-osgi-j2ee-bridge
  {com.volantis.build}:subsystem-performance
  {com.volantis.build}:subsystem-performance-arm
  {com.volantis.build}:subsystem-reporting
  {com.volantis.build}:subsystem-repository
  {com.volantis.build}:subsystem-runtime
  {com.volantis.build}:subsystem-testtools
  {com.volantis.build}:subsystem-xml-utils

Populating project
  {org.grease.ide}:ide
  {com.volantis.build}:product
  {com.volantis.build}:subsystem
Duplicate subsystem dependency runtime added at file:/srv/git/Synergetics/subsystems/reporting/dependencies.groovy:80 previously added at file:/srv/git/Synergetics/subsystems/reporting/cache.groovy:8
Duplicate subsystem dependency runtime added at file:/srv/git/Synergetics/subsystems/reporting/dependencies.groovy:80 previously added at file:/srv/git/Synergetics/subsystems/reporting/directory_monitor.groovy:7
Duplicate subsystem dependency runtime added at file:/srv/git/Synergetics/subsystems/reporting/dependencies.groovy:80 previously added at file:/srv/git/Synergetics/subsystems/reporting/metadata.groovy:7
Duplicate subsystem dependency runtime added at file:/srv/git/Synergetics/subsystems/reporting/dependencies.groovy:80 previously added at file:/srv/git/Synergetics/subsystems/reporting/net.groovy:9
Duplicate subsystem dependency runtime added at file:/srv/git/Synergetics/subsystems/reporting/dependencies.groovy:80 previously added at file:/srv/git/Synergetics/subsystems/reporting/reporting.groovy:8
Duplicate subsystem dependency runtime added at file:/srv/git/Synergetics/subsystems/reporting/dependencies.groovy:80 previously added at file:/srv/git/Synergetics/subsystems/reporting/repository.groovy:8
  {com.volantis.build}:javacc
  {com.volantis.build}:volantis-mock
  {com.volantis.build}:jpox
  {com.volantis.build}:jibx
  {com.volantis.build}:docbook
  {org.grease.ide.idea}:idea
  {com.volantis.build}:subsystem-cache
  {com.volantis.build}:subsystem-cm-monitor
  {com.volantis.build}:subsystem-cornerstone
  {com.volantis.build}:subsystem-descriptor-store
  {com.volantis.build}:subsystem-directory-monitor
  {com.volantis.build}:subsystem-domvisitor
  {com.volantis.build}:subsystem-localization
  {com.volantis.build}:subsystem-metadata
  {com.volantis.build}:subsystem-mock
  {com.volantis.build}:subsystem-net
  {com.volantis.build}:subsystem-old-cache
  {com.volantis.build}:subsystem-osgi-boot
  {com.volantis.build}:subsystem-osgi-cm
  {com.volantis.build}:subsystem-osgi-framework
  {com.volantis.build}:subsystem-osgi-j2ee-bridge
  {com.volantis.build}:subsystem-performance
  {com.volantis.build}:subsystem-performance-arm
  {com.volantis.build}:subsystem-reporting
  {com.volantis.build}:subsystem-repository
  {com.volantis.build}:subsystem-runtime
  {com.volantis.build}:subsystem-testtools
  {com.volantis.build}:subsystem-xml-utils

Completing project
  {org.grease.ide}:ide
  {com.volantis.build}:product
  {com.volantis.build}:subsystem
  {com.volantis.build}:javacc
  {com.volantis.build}:volantis-mock
  {com.volantis.build}:jpox
  {com.volantis.build}:jibx
  {com.volantis.build}:docbook
  {org.grease.ide.idea}:idea
  {com.volantis.build}:subsystem-cache
  {com.volantis.build}:subsystem-cm-monitor
  {com.volantis.build}:subsystem-cornerstone
  {com.volantis.build}:subsystem-descriptor-store
  {com.volantis.build}:subsystem-directory-monitor
  {com.volantis.build}:subsystem-domvisitor
  {com.volantis.build}:subsystem-localization
  {com.volantis.build}:subsystem-metadata
  {com.volantis.build}:subsystem-mock
  {com.volantis.build}:subsystem-net
  {com.volantis.build}:subsystem-old-cache
  {com.volantis.build}:subsystem-osgi-boot
  {com.volantis.build}:subsystem-osgi-cm
  {com.volantis.build}:subsystem-osgi-framework
  {com.volantis.build}:subsystem-osgi-j2ee-bridge
  {com.volantis.build}:subsystem-performance
  {com.volantis.build}:subsystem-performance-arm
  {com.volantis.build}:subsystem-reporting
  {com.volantis.build}:subsystem-repository
  {com.volantis.build}:subsystem-runtime
  {com.volantis.build}:subsystem-testtools
  {com.volantis.build}:subsystem-xml-utils

Checking project integrity
  Done

Selecting active module
  {com.volantis.build}:reporting

Build preparation took 4.2s

Calculating targets to take

Switching to module: module {com.volantis.build}:product
Configuring subsystem ivy settings
module(organisation: com.volantis, name: testtools.*, branch: newbuild, matcher: "glob"), resolver: online-internals
Switching to module: module {com.volantis.build}:localization
Configuring ivy module for localization
09-Jul-2008 15:00:31 org.apache.commons.vfs.VfsLog info
INFO: Using "/tmp/vfs_cache" as temporary files store.
Creating module file: module0
[Error] :43:30: cos-nonambig: "":license and WC[##any] (or elements from their substitution group) violate "Unique Particle Attribution". During validation against this schema, ambiguity would be created for those two particles.
internal target {com.volantis.build}:resolve-dependencies
:: resolving dependencies :: com.volantis#synergetics.localization;working@v-pduffin.uk.volantis.com
	confs: [api-compile-only, api-compile-execute, api-execute-only, impl-compile-only, impl-compile-execute, impl-execute-only, support-compile-only, support-compile-execute, support-execute-only, tests-compile-only, tests-compile-execute, tests-execute-only]
	found org.apache#log4j;1.2.8 in local:ivy-sandbox
	found javax.servlet#api;2.4 in local:ivy-sandbox
	found com.volantis#testtools.mock#newbuild;newbuild in local:ivy-internals
	found org.junit#api;3.8.2 in local:ivy-sandbox
	found net.sourceforge#junit-addons;1.4 in local:ivy-sandbox
:: resolution report :: resolve 326ms :: artifacts dl 7ms
	:: modules in use:
	com.volantis#testtools.mock#newbuild;newbuild from local:ivy-internals in [support-compile-only, support-compile-execute, support-execute-only]
	javax.servlet#api;2.4 from local:ivy-sandbox in [api-compile-only, api-compile-execute, api-execute-only]
	net.sourceforge#junit-addons;1.4 from local:ivy-sandbox in [support-compile-only, support-compile-execute, support-execute-only]
	org.apache#log4j;1.2.8 from local:ivy-sandbox in [api-compile-only, api-compile-execute, api-execute-only]
	org.junit#api;3.8.2 from local:ivy-sandbox in [support-compile-only, support-compile-execute, support-execute-only]
	---------------------------------------------------------------------
	|                  |            modules            ||   artifacts   |
	|       conf       | number| search|dwnlded|evicted|| number|dwnlded|
	---------------------------------------------------------------------
	| api-compile-only |   2   |   0   |   0   |   0   ||   0   |   0   |
	|api-compile-execut|   2   |   0   |   0   |   0   ||   2   |   0   |
	| api-execute-only |   2   |   0   |   0   |   0   ||   0   |   0   |
	| impl-compile-only|   0   |   0   |   0   |   0   ||   0   |   0   |
	|impl-compile-execu|   0   |   0   |   0   |   0   ||   0   |   0   |
	| impl-execute-only|   0   |   0   |   0   |   0   ||   0   |   0   |
	|support-compile-on|   3   |   1   |   0   |   0   ||   1   |   0   |
	|support-compile-ex|   3   |   1   |   0   |   0   ||   3   |   0   |
	|support-execute-on|   3   |   1   |   0   |   0   ||   1   |   0   |
	|tests-compile-only|   0   |   0   |   0   |   0   ||   0   |   0   |
	|tests-compile-exec|   0   |   0   |   0   |   0   ||   0   |   0   |
	|tests-execute-only|   0   |   0   |   0   |   0   ||   0   |   0   |
	---------------------------------------------------------------------
Determining class path for api of localization
Compiling API for localization
Making directory /srv/git/Synergetics/built/subsystems/localization/output/main/api/classes
Compile class path
debug: /srv/git/Synergetics/built/ivy/cache/org.apache/log4j/1.2.8/jar/org.apache.log4j-1.2.8.jar
debug: /srv/git/Synergetics/built/ivy/cache/javax.servlet/api/2.4/jar/javax.servlet.api-2.4.jar
external target {com.volantis.build}:prepare-api
Switching to module: module {com.volantis.build}:cornerstone
Configuring ivy module for cornerstone
Creating module file: module1
[Error] :43:30: cos-nonambig: "":license and WC[##any] (or elements from their substitution group) violate "Unique Particle Attribution". During validation against this schema, ambiguity would be created for those two particles.
internal target {com.volantis.build}:resolve-dependencies
:: resolving dependencies :: com.volantis#synergetics.cornerstone;working@v-pduffin.uk.volantis.com
	confs: [api-compile-only, api-compile-execute, api-execute-only, impl-compile-only, impl-compile-execute, impl-execute-only, support-compile-only, support-compile-execute, support-execute-only, tests-compile-only, tests-compile-execute, tests-execute-only]
	found org.jibx#api;1.1.5 in local:ivy-sandbox
	found com.volantis.apache#xalan;2.6.0 in local:ivy-sandbox
	found com.volantis.apache#xerces;2.6.2 in local:ivy-sandbox
	found org.codehaus#woodstox;3.2.1 in local:ivy-sandbox
	found javax.xml.stream#api;1.0.1 in local:ivy-sandbox
	found com.volantis#testtools.mock#newbuild;newbuild in local:ivy-internals
	found org.junit#api;3.8.2 in local:ivy-sandbox
	found net.sourceforge#junit-addons;1.4 in local:ivy-sandbox
	found org.custommonkey#xmlunit;1.0 in local:ivy-sandbox
	found org.apache#log4j;1.2.8 in local:ivy-sandbox
	found javax.servlet#api;2.4 in local:ivy-sandbox
	found com.volantis.jdom#api;0.9 in local:ivy-sandbox
	found com.meterware#httpunit;1.4.5 in local:ivy-sandbox
:: resolution report :: resolve 285ms :: artifacts dl 11ms
	:: modules in use:
	com.meterware#httpunit;1.4.5 from local:ivy-sandbox in [tests-compile-execute, tests-execute-only]
	com.volantis#testtools.mock#newbuild;newbuild from local:ivy-internals in [support-compile-only, support-compile-execute, support-execute-only]
	com.volantis.apache#xalan;2.6.0 from local:ivy-sandbox in [api-compile-only, api-compile-execute, api-execute-only]
	com.volantis.apache#xerces;2.6.2 from local:ivy-sandbox in [api-compile-execute, api-execute-only, support-compile-execute, support-execute-only]
	com.volantis.jdom#api;0.9 from local:ivy-sandbox in [tests-compile-only, tests-compile-execute, tests-execute-only]
	javax.servlet#api;2.4 from local:ivy-sandbox in [tests-compile-only, tests-compile-execute, tests-execute-only]
	javax.xml.stream#api;1.0.1 from local:ivy-sandbox in [api-execute-only]
	net.sourceforge#junit-addons;1.4 from local:ivy-sandbox in [support-compile-only, support-compile-execute, support-execute-only]
	org.apache#log4j;1.2.8 from local:ivy-sandbox in [tests-compile-only, tests-compile-execute, tests-execute-only]
	org.codehaus#woodstox;3.2.1 from local:ivy-sandbox in [api-execute-only]
	org.custommonkey#xmlunit;1.0 from local:ivy-sandbox in [tests-compile-only, tests-compile-execute, tests-execute-only]
	org.jibx#api;1.1.5 from local:ivy-sandbox in [api-compile-only, api-compile-execute, api-execute-only]
	org.junit#api;3.8.2 from local:ivy-sandbox in [support-compile-only, support-compile-execute, support-execute-only]
	---------------------------------------------------------------------
	|                  |            modules            ||   artifacts   |
	|       conf       | number| search|dwnlded|evicted|| number|dwnlded|
	---------------------------------------------------------------------
	| api-compile-only |   2   |   0   |   0   |   0   ||   0   |   0   |
	|api-compile-execut|   3   |   0   |   0   |   0   ||   3   |   0   |
	| api-execute-only |   5   |   0   |   0   |   0   ||   3   |   0   |
	| impl-compile-only|   0   |   0   |   0   |   0   ||   0   |   0   |
	|impl-compile-execu|   0   |   0   |   0   |   0   ||   0   |   0   |
	| impl-execute-only|   0   |   0   |   0   |   0   ||   0   |   0   |
	|support-compile-on|   3   |   1   |   0   |   0   ||   1   |   0   |
	|support-compile-ex|   4   |   1   |   0   |   0   ||   4   |   0   |
	|support-execute-on|   4   |   1   |   0   |   0   ||   2   |   0   |
	|tests-compile-only|   4   |   0   |   0   |   0   ||   0   |   0   |
	|tests-compile-exec|   5   |   0   |   0   |   0   ||   5   |   0   |
	|tests-execute-only|   5   |   0   |   0   |   0   ||   1   |   0   |
	---------------------------------------------------------------------
Determining class path for api of cornerstone
Compiling API for cornerstone
Making directory /srv/git/Synergetics/built/subsystems/cornerstone/output/main/api/classes
Compile class path
debug: /srv/git/Synergetics/built/subsystems/localization/output/main/api/classes
debug: /srv/git/Synergetics/built/ivy/cache/com.volantis.apache/xerces/2.6.2/jar/com.volantis.apache.xerces-2.6.2.jar
debug: /srv/git/Synergetics/built/ivy/cache/org.jibx/api/1.1.5/jar/org.jibx.api-1.1.5.jar
debug: /srv/git/Synergetics/built/ivy/cache/com.volantis.apache/xalan/2.6.0/jar/com.volantis.apache.xalan-2.6.0.jar
external target {com.volantis.build}:prepare-api
Switching to module: module {com.volantis.build}:runtime
Configuring ivy module for runtime
Creating module file: module2
[Error] :43:30: cos-nonambig: "":license and WC[##any] (or elements from their substitution group) violate "Unique Particle Attribution". During validation against this schema, ambiguity would be created for those two particles.
internal target {com.volantis.build}:resolve-dependencies
:: resolving dependencies :: com.volantis#synergetics.runtime;working@v-pduffin.uk.volantis.com
	confs: [api-compile-only, api-compile-execute, api-execute-only, impl-compile-only, impl-compile-execute, impl-execute-only, support-compile-only, support-compile-execute, support-execute-only, tests-compile-only, tests-compile-execute, tests-execute-only]
	found javax.servlet#api;2.4 in local:ivy-sandbox
	found org.jibx#api;1.1.5 in local:ivy-sandbox
	found javax.jdo#api;2.0 in local:ivy-sandbox
	found com.volantis.jdom#api;0.9 in local:ivy-sandbox
	found org.codehaus#woodstox;3.2.1 in local:ivy-sandbox
	found javax.xml.stream#api;1.0.1 in local:ivy-sandbox
	found javax.transaction#api;1.0 in local:ivy-sandbox
	found com.volantis#testtools.mock#newbuild;newbuild in local:ivy-internals
	found org.junit#api;3.8.2 in local:ivy-sandbox
	found net.sourceforge#junit-addons;1.4 in local:ivy-sandbox
:: resolution report :: resolve 259ms :: artifacts dl 8ms
	:: modules in use:
	com.volantis#testtools.mock#newbuild;newbuild from local:ivy-internals in [support-compile-only, support-compile-execute, support-execute-only]
	com.volantis.jdom#api;0.9 from local:ivy-sandbox in [api-compile-only, api-compile-execute, api-execute-only]
	javax.jdo#api;2.0 from local:ivy-sandbox in [api-compile-only, api-compile-execute, api-execute-only]
	javax.servlet#api;2.4 from local:ivy-sandbox in [api-compile-only, api-compile-execute, api-execute-only]
	javax.transaction#api;1.0 from local:ivy-sandbox in [api-execute-only]
	javax.xml.stream#api;1.0.1 from local:ivy-sandbox in [api-execute-only]
	net.sourceforge#junit-addons;1.4 from local:ivy-sandbox in [support-compile-only, support-compile-execute, support-execute-only]
	org.codehaus#woodstox;3.2.1 from local:ivy-sandbox in [api-execute-only]
	org.jibx#api;1.1.5 from local:ivy-sandbox in [api-compile-only, api-compile-execute, api-execute-only]
	org.junit#api;3.8.2 from local:ivy-sandbox in [support-compile-only, support-compile-execute, support-execute-only]
	---------------------------------------------------------------------
	|                  |            modules            ||   artifacts   |
	|       conf       | number| search|dwnlded|evicted|| number|dwnlded|
	---------------------------------------------------------------------
	| api-compile-only |   4   |   0   |   0   |   0   ||   0   |   0   |
	|api-compile-execut|   4   |   0   |   0   |   0   ||   4   |   0   |
	| api-execute-only |   7   |   0   |   0   |   0   ||   3   |   0   |
	| impl-compile-only|   0   |   0   |   0   |   0   ||   0   |   0   |
	|impl-compile-execu|   0   |   0   |   0   |   0   ||   0   |   0   |
	| impl-execute-only|   0   |   0   |   0   |   0   ||   0   |   0   |
	|support-compile-on|   3   |   1   |   0   |   0   ||   1   |   0   |
	|support-compile-ex|   3   |   1   |   0   |   0   ||   3   |   0   |
	|support-execute-on|   3   |   1   |   0   |   0   ||   1   |   0   |
	|tests-compile-only|   0   |   0   |   0   |   0   ||   0   |   0   |
	|tests-compile-exec|   0   |   0   |   0   |   0   ||   0   |   0   |
	|tests-execute-only|   0   |   0   |   0   |   0   ||   0   |   0   |
	---------------------------------------------------------------------
Determining class path for api of runtime
Compiling API for runtime
Making directory /srv/git/Synergetics/built/subsystems/runtime/output/main/api/classes
Compile class path
debug: /srv/git/Synergetics/built/subsystems/localization/output/main/api/classes
debug: /srv/git/Synergetics/built/ivy/cache/javax.servlet/api/2.4/jar/javax.servlet.api-2.4.jar
debug: /srv/git/Synergetics/built/ivy/cache/org.jibx/api/1.1.5/jar/org.jibx.api-1.1.5.jar
debug: /srv/git/Synergetics/built/ivy/cache/javax.jdo/api/2.0/jar/javax.jdo.api-2.0.jar
debug: /srv/git/Synergetics/built/ivy/cache/com.volantis.jdom/api/0.9/jar/com.volantis.jdom.api-0.9.jar
external target {com.volantis.build}:prepare-api
Switching to module: module {com.volantis.build}:reporting
Configuring ivy module for reporting
Creating module file: module3
[Error] :43:30: cos-nonambig: "":license and WC[##any] (or elements from their substitution group) violate "Unique Particle Attribution". During validation against this schema, ambiguity would be created for those two particles.
internal target {com.volantis.build}:resolve-dependencies
:: resolving dependencies :: com.volantis#synergetics.reporting;working@v-pduffin.uk.volantis.com
	confs: [api-compile-only, api-compile-execute, api-execute-only, impl-compile-only, impl-compile-execute, impl-execute-only, support-compile-only, support-compile-execute, support-execute-only, tests-compile-only, tests-compile-execute, tests-execute-only]
	found org.apache#commons.dbcp;1.2.1 in local:ivy-sandbox
	found org.apache#log4j;1.2.8 in local:ivy-sandbox
	found org.jibx#api;1.1.5 in local:ivy-sandbox
	found org.eclipse.equinox#osgi;3.3.1.1 in local:ivy-sandbox
	found org.eclipse.equinox#osgi-services;3.1.200 in local:ivy-sandbox
	found org.apache#commons.collections;2.1 in local:ivy-sandbox
	found org.apache#commons.pool;1.2 in local:ivy-sandbox
	found org.codehaus#woodstox;3.2.1 in local:ivy-sandbox
	found javax.xml.stream#api;1.0.1 in local:ivy-sandbox
	found com.volantis#testtools.mock#newbuild;newbuild in local:ivy-internals
	found org.junit#api;3.8.2 in local:ivy-sandbox
	found net.sourceforge#junit-addons;1.4 in local:ivy-sandbox
	found org.custommonkey#xmlunit;1.0 in local:ivy-sandbox
	found javax.servlet#api;2.4 in local:ivy-sandbox
	found com.volantis.jdom#api;0.9 in local:ivy-sandbox
	found com.meterware#httpunit;1.4.5 in local:ivy-sandbox
:: resolution report :: resolve 315ms :: artifacts dl 62ms
	:: modules in use:
	com.meterware#httpunit;1.4.5 from local:ivy-sandbox in [tests-compile-execute, tests-execute-only]
	com.volantis#testtools.mock#newbuild;newbuild from local:ivy-internals in [support-compile-only, support-compile-execute, support-execute-only]
	com.volantis.jdom#api;0.9 from local:ivy-sandbox in [tests-compile-only, tests-compile-execute, tests-execute-only]
	javax.servlet#api;2.4 from local:ivy-sandbox in [tests-compile-only, tests-compile-execute, tests-execute-only]
	javax.xml.stream#api;1.0.1 from local:ivy-sandbox in [api-execute-only]
	net.sourceforge#junit-addons;1.4 from local:ivy-sandbox in [support-compile-only, support-compile-execute, support-execute-only]
	org.apache#commons.collections;2.1 from local:ivy-sandbox in [api-execute-only]
	org.apache#commons.dbcp;1.2.1 from local:ivy-sandbox in [api-compile-only, api-compile-execute, api-execute-only]
	org.apache#commons.pool;1.2 from local:ivy-sandbox in [api-execute-only]
	org.apache#log4j;1.2.8 from local:ivy-sandbox in [api-compile-only, api-compile-execute, api-execute-only, tests-compile-only, tests-compile-execute, tests-execute-only]
	org.codehaus#woodstox;3.2.1 from local:ivy-sandbox in [api-execute-only]
	org.custommonkey#xmlunit;1.0 from local:ivy-sandbox in [tests-compile-only, tests-compile-execute, tests-execute-only]
	org.eclipse.equinox#osgi;3.3.1.1 from local:ivy-sandbox in [api-compile-execute, api-execute-only, support-compile-execute, support-execute-only]
	org.eclipse.equinox#osgi-services;3.1.200 from local:ivy-sandbox in [api-compile-execute, api-execute-only, support-compile-execute, support-execute-only]
	org.jibx#api;1.1.5 from local:ivy-sandbox in [api-compile-only, api-compile-execute, api-execute-only]
	org.junit#api;3.8.2 from local:ivy-sandbox in [support-compile-only, support-compile-execute, support-execute-only]
	---------------------------------------------------------------------
	|                  |            modules            ||   artifacts   |
	|       conf       | number| search|dwnlded|evicted|| number|dwnlded|
	---------------------------------------------------------------------
	| api-compile-only |   3   |   0   |   0   |   0   ||   0   |   0   |
	|api-compile-execut|   5   |   0   |   0   |   0   ||   5   |   0   |
	| api-execute-only |   9   |   0   |   0   |   0   ||   6   |   0   |
	| impl-compile-only|   0   |   0   |   0   |   0   ||   0   |   0   |
	|impl-compile-execu|   0   |   0   |   0   |   0   ||   0   |   0   |
	| impl-execute-only|   0   |   0   |   0   |   0   ||   0   |   0   |
	|support-compile-on|   3   |   1   |   0   |   0   ||   1   |   0   |
	|support-compile-ex|   5   |   1   |   0   |   0   ||   5   |   0   |
	|support-execute-on|   5   |   1   |   0   |   0   ||   3   |   0   |
	|tests-compile-only|   4   |   0   |   0   |   0   ||   0   |   0   |
	|tests-compile-exec|   5   |   0   |   0   |   0   ||   5   |   0   |
	|tests-execute-only|   5   |   0   |   0   |   0   ||   1   |   0   |
	---------------------------------------------------------------------
Determining class path for api of reporting
Compiling API for reporting
Making directory /srv/git/Synergetics/built/subsystems/reporting/output/main/api/classes
Compile class path
debug: /srv/git/Synergetics/built/subsystems/cornerstone/output/main/api/classes
debug: /srv/git/Synergetics/built/subsystems/localization/output/main/api/classes
debug: /srv/git/Synergetics/built/subsystems/runtime/output/main/api/classes
debug: /srv/git/Synergetics/built/ivy/cache/org.apache/commons.dbcp/1.2.1/jar/org.apache.commons.dbcp-1.2.1.jar
debug: /srv/git/Synergetics/built/ivy/cache/org.apache/log4j/1.2.8/jar/org.apache.log4j-1.2.8.jar
debug: /srv/git/Synergetics/built/ivy/cache/org.jibx/api/1.1.5/jar/org.jibx.api-1.1.5.jar
debug: /srv/git/Synergetics/built/ivy/cache/org.eclipse.equinox/osgi/3.3.1.1/jar/org.eclipse.equinox.osgi-3.3.1.1.jar
debug: /srv/git/Synergetics/built/ivy/cache/org.eclipse.equinox/osgi-services/3.1.200/jar/org.eclipse.equinox.osgi-services-3.1.200.jar
external target {com.volantis.build}:prepare-api
Switching to module: module {com.volantis.build}:mock
Configuring ivy module for mock
Creating module file: module4
[Error] :43:30: cos-nonambig: "":license and WC[##any] (or elements from their substitution group) violate "Unique Particle Attribution". During validation against this schema, ambiguity would be created for those two particles.
internal target {com.volantis.build}:resolve-dependencies
:: resolving dependencies :: com.volantis#synergetics.mock;working@v-pduffin.uk.volantis.com
	confs: [api-compile-only, api-compile-execute, api-execute-only, impl-compile-only, impl-compile-execute, impl-execute-only, support-compile-only, support-compile-execute, support-execute-only, tests-compile-only, tests-compile-execute, tests-execute-only]
	found javax.servlet#api;2.4 in local:ivy-sandbox
	found org.eclipse.equinox#osgi;3.3.1.1 in local:ivy-sandbox
	found org.eclipse.equinox#osgi-services;3.1.200 in local:ivy-sandbox
	found com.volantis#testtools.mock#newbuild;newbuild in local:ivy-internals
	found org.junit#api;3.8.2 in local:ivy-sandbox
	found net.sourceforge#junit-addons;1.4 in local:ivy-sandbox
:: resolution report :: resolve 146ms :: artifacts dl 5ms
	:: modules in use:
	com.volantis#testtools.mock#newbuild;newbuild from local:ivy-internals in [support-compile-only, support-compile-execute, support-execute-only]
	javax.servlet#api;2.4 from local:ivy-sandbox in [api-compile-only, api-compile-execute, api-execute-only]
	net.sourceforge#junit-addons;1.4 from local:ivy-sandbox in [support-compile-only, support-compile-execute, support-execute-only]
	org.eclipse.equinox#osgi;3.3.1.1 from local:ivy-sandbox in [api-compile-execute, api-execute-only, support-compile-execute, support-execute-only]
	org.eclipse.equinox#osgi-services;3.1.200 from local:ivy-sandbox in [api-compile-execute, api-execute-only, support-compile-execute, support-execute-only]
	org.junit#api;3.8.2 from local:ivy-sandbox in [support-compile-only, support-compile-execute, support-execute-only]
	---------------------------------------------------------------------
	|                  |            modules            ||   artifacts   |
	|       conf       | number| search|dwnlded|evicted|| number|dwnlded|
	---------------------------------------------------------------------
	| api-compile-only |   1   |   0   |   0   |   0   ||   0   |   0   |
	|api-compile-execut|   3   |   0   |   0   |   0   ||   3   |   0   |
	| api-execute-only |   3   |   0   |   0   |   0   ||   2   |   0   |
	| impl-compile-only|   0   |   0   |   0   |   0   ||   0   |   0   |
	|impl-compile-execu|   0   |   0   |   0   |   0   ||   0   |   0   |
	| impl-execute-only|   0   |   0   |   0   |   0   ||   0   |   0   |
	|support-compile-on|   3   |   1   |   0   |   0   ||   1   |   0   |
	|support-compile-ex|   5   |   1   |   0   |   0   ||   5   |   0   |
	|support-execute-on|   5   |   1   |   0   |   0   ||   3   |   0   |
	|tests-compile-only|   0   |   0   |   0   |   0   ||   0   |   0   |
	|tests-compile-exec|   0   |   0   |   0   |   0   ||   0   |   0   |
	|tests-execute-only|   0   |   0   |   0   |   0   ||   0   |   0   |
	---------------------------------------------------------------------
Determining class path for api of mock
Compiling API for mock
Making directory /srv/git/Synergetics/built/subsystems/mock/output/main/api/classes
Compile class path
debug: /srv/git/Synergetics/built/subsystems/localization/output/main/api/classes
debug: /srv/git/Synergetics/built/ivy/cache/javax.servlet/api/2.4/jar/javax.servlet.api-2.4.jar
debug: /srv/git/Synergetics/built/ivy/cache/org.eclipse.equinox/osgi/3.3.1.1/jar/org.eclipse.equinox.osgi-3.3.1.1.jar
debug: /srv/git/Synergetics/built/ivy/cache/org.eclipse.equinox/osgi-services/3.1.200/jar/org.eclipse.equinox.osgi-services-3.1.200.jar
external target {com.volantis.build}:prepare-api
Switching to module: module {com.volantis.build}:testtools
Configuring ivy module for testtools
Creating module file: module5
[Error] :43:30: cos-nonambig: "":license and WC[##any] (or elements from their substitution group) violate "Unique Particle Attribution". During validation against this schema, ambiguity would be created for those two particles.
internal target {com.volantis.build}:resolve-dependencies
:: resolving dependencies :: com.volantis#synergetics.testtools;working@v-pduffin.uk.volantis.com
	confs: [api-compile-only, api-compile-execute, api-execute-only, impl-compile-only, impl-compile-execute, impl-execute-only, support-compile-only, support-compile-execute, support-execute-only, tests-compile-only, tests-compile-execute, tests-execute-only]
	found com.volantis#testtools.mock#newbuild;newbuild in local:ivy-internals
	found org.junit#api;3.8.2 in local:ivy-sandbox
	found org.custommonkey#xmlunit;1.0 in local:ivy-sandbox
	found net.sourceforge#junit-addons;1.4 in local:ivy-sandbox
	found org.apache#log4j;1.2.8 in local:ivy-sandbox
	found javax.servlet#api;2.4 in local:ivy-sandbox
	found com.volantis.jdom#api;0.9 in local:ivy-sandbox
	found com.meterware#httpunit;1.4.5 in local:ivy-sandbox
:: resolution report :: resolve 204ms :: artifacts dl 6ms
	:: modules in use:
	com.meterware#httpunit;1.4.5 from local:ivy-sandbox in [api-compile-execute, api-execute-only, support-compile-execute, support-execute-only]
	com.volantis#testtools.mock#newbuild;newbuild from local:ivy-internals in [api-compile-only, api-compile-execute, api-execute-only, support-compile-only, support-compile-execute, support-execute-only]
	com.volantis.jdom#api;0.9 from local:ivy-sandbox in [api-compile-only, api-compile-execute, api-execute-only]
	javax.servlet#api;2.4 from local:ivy-sandbox in [api-compile-only, api-compile-execute, api-execute-only]
	net.sourceforge#junit-addons;1.4 from local:ivy-sandbox in [api-compile-only, api-compile-execute, api-execute-only]
	org.apache#log4j;1.2.8 from local:ivy-sandbox in [api-compile-only, api-compile-execute, api-execute-only]
	org.custommonkey#xmlunit;1.0 from local:ivy-sandbox in [api-compile-only, api-compile-execute, api-execute-only]
	org.junit#api;3.8.2 from local:ivy-sandbox in [api-compile-only, api-compile-execute, api-execute-only]
	---------------------------------------------------------------------
	|                  |            modules            ||   artifacts   |
	|       conf       | number| search|dwnlded|evicted|| number|dwnlded|
	---------------------------------------------------------------------
	| api-compile-only |   7   |   1   |   0   |   0   ||   1   |   0   |
	|api-compile-execut|   8   |   1   |   0   |   0   ||   7   |   0   |
	| api-execute-only |   8   |   1   |   0   |   0   ||   2   |   0   |
	| impl-compile-only|   0   |   0   |   0   |   0   ||   0   |   0   |
	|impl-compile-execu|   0   |   0   |   0   |   0   ||   0   |   0   |
	| impl-execute-only|   0   |   0   |   0   |   0   ||   0   |   0   |
	|support-compile-on|   1   |   1   |   0   |   0   ||   0   |   0   |
	|support-compile-ex|   2   |   1   |   0   |   0   ||   2   |   0   |
	|support-execute-on|   2   |   1   |   0   |   0   ||   1   |   0   |
	|tests-compile-only|   0   |   0   |   0   |   0   ||   0   |   0   |
	|tests-compile-exec|   0   |   0   |   0   |   0   ||   0   |   0   |
	|tests-execute-only|   0   |   0   |   0   |   0   ||   0   |   0   |
	---------------------------------------------------------------------
Determining class path for api of testtools
Compiling API for testtools
Making directory /srv/git/Synergetics/built/subsystems/testtools/output/main/api/classes
Compile class path
debug: /srv/git/Synergetics/built/ivy/cache/com.volantis/testtools.mock/newbuild/api/com.volantis.testtools.mock-newbuild.jar
debug: /srv/git/Synergetics/built/subsystems/runtime/output/main/api/classes
debug: /srv/git/Synergetics/built/ivy/cache/com.meterware/httpunit/1.4.5/jar/com.meterware.httpunit-1.4.5.jar
debug: /srv/git/Synergetics/built/ivy/cache/org.junit/api/3.8.2/jar/org.junit.api-3.8.2.jar
debug: /srv/git/Synergetics/built/ivy/cache/org.custommonkey/xmlunit/1.0/jar/org.custommonkey.xmlunit-1.0.jar
debug: /srv/git/Synergetics/built/ivy/cache/net.sourceforge/junit-addons/1.4/jar/net.sourceforge.junit-addons-1.4.jar
debug: /srv/git/Synergetics/built/ivy/cache/org.apache/log4j/1.2.8/jar/org.apache.log4j-1.2.8.jar
debug: /srv/git/Synergetics/built/ivy/cache/javax.servlet/api/2.4/jar/javax.servlet.api-2.4.jar
debug: /srv/git/Synergetics/built/ivy/cache/com.volantis.jdom/api/0.9/jar/com.volantis.jdom.api-0.9.jar
external target {com.volantis.build}:prepare-api
Switching to module: module {com.volantis.build}:reporting
Determining class path for impl of reporting
Compiling implementation for reporting
Making directory /srv/git/Synergetics/built/subsystems/reporting/output/main/impl/classes
Compile class path
debug: /srv/git/Synergetics/built/subsystems/cornerstone/output/main/api/classes
debug: /srv/git/Synergetics/built/subsystems/localization/output/main/api/classes
debug: /srv/git/Synergetics/built/subsystems/runtime/output/main/api/classes
debug: /srv/git/Synergetics/built/ivy/cache/org.apache/commons.dbcp/1.2.1/jar/org.apache.commons.dbcp-1.2.1.jar
debug: /srv/git/Synergetics/built/ivy/cache/org.apache/log4j/1.2.8/jar/org.apache.log4j-1.2.8.jar
debug: /srv/git/Synergetics/built/ivy/cache/org.jibx/api/1.1.5/jar/org.jibx.api-1.1.5.jar
debug: /srv/git/Synergetics/built/ivy/cache/org.eclipse.equinox/osgi/3.3.1.1/jar/org.eclipse.equinox.osgi-3.3.1.1.jar
debug: /srv/git/Synergetics/built/ivy/cache/org.eclipse.equinox/osgi-services/3.1.200/jar/org.eclipse.equinox.osgi-services-3.1.200.jar
debug: /srv/git/Synergetics/built/subsystems/reporting/output/main/api/classes
internal target {com.volantis.build}:configure-jibx-bind-ant-task
Switching to module: module {com.volantis.build}:product
internal target {com.volantis.build}:resolve-jibx-bind
Creating module file: module6
[Error] :43:30: cos-nonambig: "":license and WC[##any] (or elements from their substitution group) violate "Unique Particle Attribution". During validation against this schema, ambiguity would be created for those two particles.
:: resolving dependencies :: com.volantis#jibx;working@v-pduffin.uk.volantis.com
	confs: [default]
	found org.jibx#api;1.1.5 in local:ivy-sandbox
	found org.codehaus#woodstox;3.2.1 in local:ivy-sandbox
	found javax.xml.stream#api;1.0.1 in local:ivy-sandbox
	found org.apache#bcel;5.2 in local:ivy-sandbox
	found org.apache#jakarta.regexp;1.4 in local:ivy-sandbox
	found org.jibx#bind;1.1.5 in local:ivy-sandbox
:: resolution report :: resolve 142ms :: artifacts dl 27ms
	:: modules in use:
	javax.xml.stream#api;1.0.1 from local:ivy-sandbox in [default]
	org.apache#bcel;5.2 from local:ivy-sandbox in [default]
	org.apache#jakarta.regexp;1.4 from local:ivy-sandbox in [default]
	org.codehaus#woodstox;3.2.1 from local:ivy-sandbox in [default]
	org.jibx#api;1.1.5 from local:ivy-sandbox in [default]
	org.jibx#bind;1.1.5 from local:ivy-sandbox in [default]
	---------------------------------------------------------------------
	|                  |            modules            ||   artifacts   |
	|       conf       | number| search|dwnlded|evicted|| number|dwnlded|
	---------------------------------------------------------------------
	|      default     |   6   |   0   |   0   |   0   ||   7   |   0   |
	---------------------------------------------------------------------
path reporting:jibx-bind: [/srv/git/Synergetics/built/ivy/cache/org.jibx/api/1.1.5/jar/org.jibx.api-1.1.5.jar, /srv/git/Synergetics/built/ivy/cache/org.codehaus/woodstox/3.2.1/jar/org.codehaus.woodstox-3.2.1.jar, /srv/git/Synergetics/built/ivy/cache/org.codehaus/woodstox/3.2.1/sources/org.codehaus.woodstox-3.2.1.jar, /srv/git/Synergetics/built/ivy/cache/javax.xml.stream/api/1.0.1/jar/javax.xml.stream.api-1.0.1.jar, /srv/git/Synergetics/built/ivy/cache/org.apache/bcel/5.2/jar/org.apache.bcel-5.2.jar, /srv/git/Synergetics/built/ivy/cache/org.apache/jakarta.regexp/1.4/jar/org.apache.jakarta.regexp-1.4.jar, /srv/git/Synergetics/built/ivy/cache/org.jibx/bind/1.1.5/jar/org.jibx.bind-1.1.5.jar]
Switching to module: module {com.volantis.build}:reporting
internal target {com.volantis.build}:jibx-impl-class-files
[jibx-bind] Using the following paths:
[jibx-bind]   /srv/git/Synergetics/built/subsystems/reporting/output/main/api/jibx-classes
[jibx-bind]   /srv/git/Synergetics/built/subsystems/reporting/output/main/impl/jibx-classes
[jibx-bind]   /srv/git/Synergetics/built/subsystems/cornerstone/output/main/api/classes
[jibx-bind]   /srv/git/Synergetics/built/subsystems/localization/output/main/api/classes
[jibx-bind]   /srv/git/Synergetics/built/subsystems/runtime/output/main/api/classes
[jibx-bind]   /srv/git/Synergetics/built/ivy/cache/org.apache/commons.dbcp/1.2.1/jar/org.apache.commons.dbcp-1.2.1.jar
[jibx-bind]   /srv/git/Synergetics/built/ivy/cache/org.apache/log4j/1.2.8/jar/org.apache.log4j-1.2.8.jar
[jibx-bind]   /srv/git/Synergetics/built/ivy/cache/org.jibx/api/1.1.5/jar/org.jibx.api-1.1.5.jar
[jibx-bind]   /srv/git/Synergetics/built/ivy/cache/org.eclipse.equinox/osgi/3.3.1.1/jar/org.eclipse.equinox.osgi-3.3.1.1.jar
[jibx-bind]   /srv/git/Synergetics/built/ivy/cache/org.eclipse.equinox/osgi-services/3.1.200/jar/org.eclipse.equinox.osgi-services-3.1.200.jar
[jibx-bind] Using the following binding paths:
[jibx-bind]   /srv/git/Synergetics/subsystems/reporting/main/jibx/main-bindings.xml
Running binding compiler version jibx_1_1_5
binding main_bindings:
 context (mp#=12) (cv#=0) (fm#=0)
  mapping class com.volantis.synergetics.reporting.config.ReportingConfig to element reporting-config (#0)
   context (ns#=1) (cv#=0) (fm#=0)
    namespace http://www.volantis.com/xmlns/2005/10/storefront/reporting-configuration
   element wrapper reporting-config
    object binding for com.volantis.synergetics.reporting.config.ReportingConfig create class com.volantis.synergetics.reporting.config.ReportingConfig
     structure ordered
      component property datasourceConfigs (java.util.ArrayList)
       object binding for java.util.ArrayList create class java.util.ArrayList
        collection unordered (java.lang.Object)
         mapping reference to com.volantis.synergetics.reporting.config.JDBCDatasource using property from collection 
         mapping reference to com.volantis.synergetics.reporting.config.InternalPoolDatasource using property from collection 
         mapping reference to com.volantis.synergetics.reporting.config.JNDIDatasource using property from collection 
      component property reportList (java.util.ArrayList)
       object binding for java.util.ArrayList create class java.util.ArrayList
        collection unordered (java.lang.Object)
         mapping reference to com.volantis.synergetics.reporting.config.ReportElement using property from collection 
  mapping class com.volantis.synergetics.reporting.config.ReportElement to element report (#1)
   context (ns#=1) (cv#=0) (fm#=0)
    namespace http://www.volantis.com/xmlns/2005/10/storefront/reporting-configuration
   element wrapper report
    object binding for com.volantis.synergetics.reporting.config.ReportElement create class com.volantis.synergetics.reporting.config.ReportElement
     structure ordered
      mapping reference to com.volantis.synergetics.reporting.config.ReportExclusion using optional property reportExclusion (com.volantis.synergetics.reporting.config.ReportExclusion)
      mapping reference to com.volantis.synergetics.reporting.config.SqlHandler using optional property sqlHandler (com.volantis.synergetics.reporting.config.SqlHandler)
      mapping reference to com.volantis.synergetics.reporting.config.GenericHandler using optional property genericHandler (com.volantis.synergetics.reporting.config.GenericHandler)
      attribute enabled from optional property enabled (boolean)
      attribute binding from property binding (java.lang.String)
  mapping class com.volantis.synergetics.reporting.config.ReportExclusion to element exclusions (#2)
   context (ns#=1) (cv#=0) (fm#=0)
    namespace http://www.volantis.com/xmlns/2005/10/storefront/reporting-configuration
   element wrapper exclusions
    object binding for com.volantis.synergetics.reporting.config.ReportExclusion create class com.volantis.synergetics.reporting.config.ReportExclusion
     structure ordered
      component property eventTypeExclusions (java.util.ArrayList)
       object binding for java.util.ArrayList create class java.util.ArrayList
        collection ordered (java.lang.Object)
         mapping reference to com.volantis.synergetics.reporting.config.EventTypeExclusion using property from collection 
      component property metricExclusions (java.util.ArrayList)
       object binding for java.util.ArrayList create class java.util.ArrayList
        collection ordered (java.lang.Object)
         mapping reference to com.volantis.synergetics.reporting.config.MetricExclusion using property from collection 
  mapping class com.volantis.synergetics.reporting.config.GenericHandler to element generic-handler (#3)
   context (ns#=1) (cv#=0) (fm#=0)
    namespace http://www.volantis.com/xmlns/2005/10/storefront/reporting-configuration
   element wrapper generic-handler
    object binding for com.volantis.synergetics.reporting.config.GenericHandler create class com.volantis.synergetics.reporting.config.GenericHandler
     structure ordered
      component property paramList (java.util.ArrayList)
       object binding for java.util.ArrayList create class java.util.ArrayList
        collection ordered (java.lang.Object)
         mapping reference to com.volantis.synergetics.reporting.config.GenericHandlerParam using property from collection 
      attribute class from property className (java.lang.String)
  mapping class com.volantis.synergetics.reporting.config.GenericHandlerParam to element param (#4)
   context (ns#=1) (cv#=0) (fm#=0)
    namespace http://www.volantis.com/xmlns/2005/10/storefront/reporting-configuration
   element wrapper param
    object binding for com.volantis.synergetics.reporting.config.GenericHandlerParam create class com.volantis.synergetics.reporting.config.GenericHandlerParam
     structure ordered
      element {http://www.volantis.com/xmlns/2005/10/storefront/reporting-configuration}:name from property name (java.lang.String)
      element {http://www.volantis.com/xmlns/2005/10/storefront/reporting-configuration}:value from property value (java.lang.String)
  mapping class com.volantis.synergetics.reporting.config.SqlHandler to element sql-handler (#5)
   context (ns#=1) (cv#=0) (fm#=0)
    namespace http://www.volantis.com/xmlns/2005/10/storefront/reporting-configuration
   element wrapper sql-handler
    object binding for com.volantis.synergetics.reporting.config.SqlHandler create class com.volantis.synergetics.reporting.config.SqlHandler
     structure ordered
      element {http://www.volantis.com/xmlns/2005/10/storefront/reporting-configuration}:table-name from property tableName (java.lang.String)
      component property columnMappingList (java.util.ArrayList)
       object binding for java.util.ArrayList create class java.util.ArrayList
        collection ordered (java.lang.Object)
         mapping reference to com.volantis.synergetics.reporting.config.ColumnMapping using property from collection 
      element {http://www.volantis.com/xmlns/2005/10/storefront/reporting-configuration}:datasource-name from property datasourceName (java.lang.String)
  mapping class com.volantis.synergetics.reporting.config.ColumnMapping to element column-mapping (#6)
   context (ns#=1) (cv#=0) (fm#=0)
    namespace http://www.volantis.com/xmlns/2005/10/storefront/reporting-configuration
   element wrapper column-mapping
    object binding for com.volantis.synergetics.reporting.config.ColumnMapping create class com.volantis.synergetics.reporting.config.ColumnMapping
     structure ordered
      element {http://www.volantis.com/xmlns/2005/10/storefront/reporting-configuration}:metric from property metric (java.lang.String)
      element {http://www.volantis.com/xmlns/2005/10/storefront/reporting-configuration}:column from property column (java.lang.String)
  mapping class com.volantis.synergetics.reporting.config.JDBCDatasource to element jdbc-datasource (#7)
   context (ns#=1) (cv#=0) (fm#=0)
    namespace http://www.volantis.com/xmlns/2005/10/storefront/reporting-configuration
   element wrapper jdbc-datasource
    object binding for com.volantis.synergetics.reporting.config.JDBCDatasource create class com.volantis.synergetics.reporting.config.JDBCDatasource
     structure ordered
      element {http://www.volantis.com/xmlns/2005/10/storefront/reporting-configuration}:name from property name (java.lang.String)
      element {http://www.volantis.com/xmlns/2005/10/storefront/reporting-configuration}:driver-class from property driverClass (java.lang.String)
      element {http://www.volantis.com/xmlns/2005/10/storefront/reporting-configuration}:connection-string from property connectionString (java.lang.String)
  mapping class com.volantis.synergetics.reporting.config.InternalPoolDatasource to element internal-pool-datasource (#8)
   context (ns#=1) (cv#=0) (fm#=0)
    namespace http://www.volantis.com/xmlns/2005/10/storefront/reporting-configuration
   element wrapper internal-pool-datasource
    object binding for com.volantis.synergetics.reporting.config.InternalPoolDatasource create class com.volantis.synergetics.reporting.config.InternalPoolDatasource
     structure ordered
      element {http://www.volantis.com/xmlns/2005/10/storefront/reporting-configuration}:name from property name (java.lang.String)
      element {http://www.volantis.com/xmlns/2005/10/storefront/reporting-configuration}:driver-class from property driverClass (java.lang.String)
      element {http://www.volantis.com/xmlns/2005/10/storefront/reporting-configuration}:url from property url (java.lang.String)
      element {http://www.volantis.com/xmlns/2005/10/storefront/reporting-configuration}:username from property username (java.lang.String)
      element {http://www.volantis.com/xmlns/2005/10/storefront/reporting-configuration}:password from property password (java.lang.String)
      element {http://www.volantis.com/xmlns/2005/10/storefront/reporting-configuration}:max-active from property maxActive (java.lang.String)
      element {http://www.volantis.com/xmlns/2005/10/storefront/reporting-configuration}:max-idle from property maxIdle (java.lang.String)
      element {http://www.volantis.com/xmlns/2005/10/storefront/reporting-configuration}:max-wait from property maxWait (java.lang.String)
  mapping class com.volantis.synergetics.reporting.config.JNDIDatasource to element jndi-datasource (#9)
   context (ns#=1) (cv#=0) (fm#=0)
    namespace http://www.volantis.com/xmlns/2005/10/storefront/reporting-configuration
   element wrapper jndi-datasource
    object binding for com.volantis.synergetics.reporting.config.JNDIDatasource create class com.volantis.synergetics.reporting.config.JNDIDatasource
     structure ordered
      element {http://www.volantis.com/xmlns/2005/10/storefront/reporting-configuration}:name from property name (java.lang.String)
      element {http://www.volantis.com/xmlns/2005/10/storefront/reporting-configuration}:jndi-name from property jndiName (java.lang.String)
  mapping class com.volantis.synergetics.reporting.config.EventTypeExclusion to element event (#10)
   context (ns#=1) (cv#=0) (fm#=0)
    namespace http://www.volantis.com/xmlns/2005/10/storefront/reporting-configuration
   element wrapper event
    object binding for com.volantis.synergetics.reporting.config.EventTypeExclusion create class com.volantis.synergetics.reporting.config.EventTypeExclusion
     structure ordered
      attribute type from property eventType (java.lang.String)
  mapping class com.volantis.synergetics.reporting.config.MetricExclusion to element metric (#11)
   context (ns#=1) (cv#=0) (fm#=0)
    namespace http://www.volantis.com/xmlns/2005/10/storefront/reporting-configuration
   element wrapper metric
    object binding for com.volantis.synergetics.reporting.config.MetricExclusion create class com.volantis.synergetics.reporting.config.MetricExclusion
     structure ordered
      attribute name from property metricName (java.lang.String)
      attribute operation from property operation (java.lang.String)
      attribute value from property value (java.lang.String)
      attribute ignore-case from optional property ignoreCase (java.lang.Boolean)
Generating code for mapping com.volantis.synergetics.reporting.config.ReportingConfig
Generating code for mapping com.volantis.synergetics.reporting.config.ReportElement
Generating code for mapping com.volantis.synergetics.reporting.config.ReportExclusion
Generating code for mapping com.volantis.synergetics.reporting.config.GenericHandler
Generating code for mapping com.volantis.synergetics.reporting.config.GenericHandlerParam
Generating code for mapping com.volantis.synergetics.reporting.config.SqlHandler
Generating code for mapping com.volantis.synergetics.reporting.config.ColumnMapping
Generating code for mapping com.volantis.synergetics.reporting.config.JDBCDatasource
Generating code for mapping com.volantis.synergetics.reporting.config.InternalPoolDatasource
Generating code for mapping com.volantis.synergetics.reporting.config.JNDIDatasource
Generating code for mapping com.volantis.synergetics.reporting.config.EventTypeExclusion
Generating code for mapping com.volantis.synergetics.reporting.config.MetricExclusion
After linking view of binding main_bindings:
binding main_bindings:
 context (mp#=12) (cv#=0) (fm#=0)
  mapping class com.volantis.synergetics.reporting.config.ReportingConfig to element {http://www.volantis.com/xmlns/2005/10/storefront/reporting-configuration}:reporting-config (#0)
   context (ns#=1) (cv#=0) (fm#=0)
    namespace http://www.volantis.com/xmlns/2005/10/storefront/reporting-configuration
   element wrapper {http://www.volantis.com/xmlns/2005/10/storefront/reporting-configuration}:reporting-config
    object binding for com.volantis.synergetics.reporting.config.ReportingConfig create class com.volantis.synergetics.reporting.config.ReportingConfig
     structure ordered
      component property datasourceConfigs (java.util.ArrayList)
       object binding for java.util.ArrayList create class java.util.ArrayList
        collection unordered (java.lang.Object)
         mapping reference to com.volantis.synergetics.reporting.config.JDBCDatasource using property from collection 
          direct property using property from collection (com.volantis.synergetics.reporting.config.JDBCDatasource)
           direct marshaller/unmarshaller reference
         mapping reference to com.volantis.synergetics.reporting.config.InternalPoolDatasource using property from collection 
          direct property using property from collection (com.volantis.synergetics.reporting.config.InternalPoolDatasource)
           direct marshaller/unmarshaller reference
         mapping reference to com.volantis.synergetics.reporting.config.JNDIDatasource using property from collection 
          direct property using property from collection (com.volantis.synergetics.reporting.config.JNDIDatasource)
           direct marshaller/unmarshaller reference
      component property reportList (java.util.ArrayList)
       object binding for java.util.ArrayList create class java.util.ArrayList
        collection unordered (java.lang.Object)
         mapping reference to com.volantis.synergetics.reporting.config.ReportElement using property from collection 
          direct property using property from collection (com.volantis.synergetics.reporting.config.ReportElement)
           direct marshaller/unmarshaller reference
  mapping class com.volantis.synergetics.reporting.config.ReportElement to element {http://www.volantis.com/xmlns/2005/10/storefront/reporting-configuration}:report (#1)
   context (ns#=1) (cv#=0) (fm#=0)
    namespace http://www.volantis.com/xmlns/2005/10/storefront/reporting-configuration
   element wrapper {http://www.volantis.com/xmlns/2005/10/storefront/reporting-configuration}:report
    object binding for com.volantis.synergetics.reporting.config.ReportElement create class com.volantis.synergetics.reporting.config.ReportElement
     structure ordered
      mapping reference to com.volantis.synergetics.reporting.config.ReportExclusion using optional property reportExclusion (com.volantis.synergetics.reporting.config.ReportExclusion)
       direct property using optional property reportExclusion (com.volantis.synergetics.reporting.config.ReportExclusion)
        direct marshaller/unmarshaller reference
      mapping reference to com.volantis.synergetics.reporting.config.SqlHandler using optional property sqlHandler (com.volantis.synergetics.reporting.config.SqlHandler)
       direct property using optional property sqlHandler (com.volantis.synergetics.reporting.config.SqlHandler)
        direct marshaller/unmarshaller reference
      mapping reference to com.volantis.synergetics.reporting.config.GenericHandler using optional property genericHandler (com.volantis.synergetics.reporting.config.GenericHandler)
       direct property using optional property genericHandler (com.volantis.synergetics.reporting.config.GenericHandler)
        direct marshaller/unmarshaller reference
      attribute enabled from optional property enabled (boolean)
      attribute binding from property binding (java.lang.String)
  mapping class com.volantis.synergetics.reporting.config.ReportExclusion to element {http://www.volantis.com/xmlns/2005/10/storefront/reporting-configuration}:exclusions (#2)
   context (ns#=1) (cv#=0) (fm#=0)
    namespace http://www.volantis.com/xmlns/2005/10/storefront/reporting-configuration
   element wrapper {http://www.volantis.com/xmlns/2005/10/storefront/reporting-configuration}:exclusions
    object binding for com.volantis.synergetics.reporting.config.ReportExclusion create class com.volantis.synergetics.reporting.config.ReportExclusion
     structure ordered
      component property eventTypeExclusions (java.util.ArrayList)
       object binding for java.util.ArrayList create class java.util.ArrayList
        collection ordered (java.lang.Object)
         mapping reference to com.volantis.synergetics.reporting.config.EventTypeExclusion using property from collection 
          direct property using property from collection (com.volantis.synergetics.reporting.config.EventTypeExclusion)
           direct marshaller/unmarshaller reference
      component property metricExclusions (java.util.ArrayList)
       object binding for java.util.ArrayList create class java.util.ArrayList
        collection ordered (java.lang.Object)
         mapping reference to com.volantis.synergetics.reporting.config.MetricExclusion using property from collection 
          direct property using property from collection (com.volantis.synergetics.reporting.config.MetricExclusion)
           direct marshaller/unmarshaller reference
  mapping class com.volantis.synergetics.reporting.config.GenericHandler to element {http://www.volantis.com/xmlns/2005/10/storefront/reporting-configuration}:generic-handler (#3)
   context (ns#=1) (cv#=0) (fm#=0)
    namespace http://www.volantis.com/xmlns/2005/10/storefront/reporting-configuration
   element wrapper {http://www.volantis.com/xmlns/2005/10/storefront/reporting-configuration}:generic-handler
    object binding for com.volantis.synergetics.reporting.config.GenericHandler create class com.volantis.synergetics.reporting.config.GenericHandler
     structure ordered
      component property paramList (java.util.ArrayList)
       object binding for java.util.ArrayList create class java.util.ArrayList
        collection ordered (java.lang.Object)
         mapping reference to com.volantis.synergetics.reporting.config.GenericHandlerParam using property from collection 
          direct property using property from collection (com.volantis.synergetics.reporting.config.GenericHandlerParam)
           direct marshaller/unmarshaller reference
      attribute class from property className (java.lang.String)
  mapping class com.volantis.synergetics.reporting.config.GenericHandlerParam to element {http://www.volantis.com/xmlns/2005/10/storefront/reporting-configuration}:param (#4)
   context (ns#=1) (cv#=0) (fm#=0)
    namespace http://www.volantis.com/xmlns/2005/10/storefront/reporting-configuration
   element wrapper {http://www.volantis.com/xmlns/2005/10/storefront/reporting-configuration}:param
    object binding for com.volantis.synergetics.reporting.config.GenericHandlerParam create class com.volantis.synergetics.reporting.config.GenericHandlerParam
     structure ordered
      element {http://www.volantis.com/xmlns/2005/10/storefront/reporting-configuration}:name from property name (java.lang.String)
      element {http://www.volantis.com/xmlns/2005/10/storefront/reporting-configuration}:value from property value (java.lang.String)
  mapping class com.volantis.synergetics.reporting.config.SqlHandler to element {http://www.volantis.com/xmlns/2005/10/storefront/reporting-configuration}:sql-handler (#5)
   context (ns#=1) (cv#=0) (fm#=0)
    namespace http://www.volantis.com/xmlns/2005/10/storefront/reporting-configuration
   element wrapper {http://www.volantis.com/xmlns/2005/10/storefront/reporting-configuration}:sql-handler
    object binding for com.volantis.synergetics.reporting.config.SqlHandler create class com.volantis.synergetics.reporting.config.SqlHandler
     structure ordered
      element {http://www.volantis.com/xmlns/2005/10/storefront/reporting-configuration}:table-name from property tableName (java.lang.String)
      component property columnMappingList (java.util.ArrayList)
       object binding for java.util.ArrayList create class java.util.ArrayList
        collection ordered (java.lang.Object)
         mapping reference to com.volantis.synergetics.reporting.config.ColumnMapping using property from collection 
          direct property using property from collection (com.volantis.synergetics.reporting.config.ColumnMapping)
           direct marshaller/unmarshaller reference
      element {http://www.volantis.com/xmlns/2005/10/storefront/reporting-configuration}:datasource-name from property datasourceName (java.lang.String)
  mapping class com.volantis.synergetics.reporting.config.ColumnMapping to element {http://www.volantis.com/xmlns/2005/10/storefront/reporting-configuration}:column-mapping (#6)
   context (ns#=1) (cv#=0) (fm#=0)
    namespace http://www.volantis.com/xmlns/2005/10/storefront/reporting-configuration
   element wrapper {http://www.volantis.com/xmlns/2005/10/storefront/reporting-configuration}:column-mapping
    object binding for com.volantis.synergetics.reporting.config.ColumnMapping create class com.volantis.synergetics.reporting.config.ColumnMapping
     structure ordered
      element {http://www.volantis.com/xmlns/2005/10/storefront/reporting-configuration}:metric from property metric (java.lang.String)
      element {http://www.volantis.com/xmlns/2005/10/storefront/reporting-configuration}:column from property column (java.lang.String)
  mapping class com.volantis.synergetics.reporting.config.JDBCDatasource to element {http://www.volantis.com/xmlns/2005/10/storefront/reporting-configuration}:jdbc-datasource (#7)
   context (ns#=1) (cv#=0) (fm#=0)
    namespace http://www.volantis.com/xmlns/2005/10/storefront/reporting-configuration
   element wrapper {http://www.volantis.com/xmlns/2005/10/storefront/reporting-configuration}:jdbc-datasource
    object binding for com.volantis.synergetics.reporting.config.JDBCDatasource create class com.volantis.synergetics.reporting.config.JDBCDatasource
     structure ordered
      element {http://www.volantis.com/xmlns/2005/10/storefront/reporting-configuration}:name from property name (java.lang.String)
      element {http://www.volantis.com/xmlns/2005/10/storefront/reporting-configuration}:driver-class from property driverClass (java.lang.String)
      element {http://www.volantis.com/xmlns/2005/10/storefront/reporting-configuration}:connection-string from property connectionString (java.lang.String)
  mapping class com.volantis.synergetics.reporting.config.InternalPoolDatasource to element {http://www.volantis.com/xmlns/2005/10/storefront/reporting-configuration}:internal-pool-datasource (#8)
   context (ns#=1) (cv#=0) (fm#=0)
    namespace http://www.volantis.com/xmlns/2005/10/storefront/reporting-configuration
   element wrapper {http://www.volantis.com/xmlns/2005/10/storefront/reporting-configuration}:internal-pool-datasource
    object binding for com.volantis.synergetics.reporting.config.InternalPoolDatasource create class com.volantis.synergetics.reporting.config.InternalPoolDatasource
     structure ordered
      element {http://www.volantis.com/xmlns/2005/10/storefront/reporting-configuration}:name from property name (java.lang.String)
      element {http://www.volantis.com/xmlns/2005/10/storefront/reporting-configuration}:driver-class from property driverClass (java.lang.String)
      element {http://www.volantis.com/xmlns/2005/10/storefront/reporting-configuration}:url from property url (java.lang.String)
      element {http://www.volantis.com/xmlns/2005/10/storefront/reporting-configuration}:username from property username (java.lang.String)
      element {http://www.volantis.com/xmlns/2005/10/storefront/reporting-configuration}:password from property password (java.lang.String)
      element {http://www.volantis.com/xmlns/2005/10/storefront/reporting-configuration}:max-active from property maxActive (java.lang.String)
      element {http://www.volantis.com/xmlns/2005/10/storefront/reporting-configuration}:max-idle from property maxIdle (java.lang.String)
      element {http://www.volantis.com/xmlns/2005/10/storefront/reporting-configuration}:max-wait from property maxWait (java.lang.String)
  mapping class com.volantis.synergetics.reporting.config.JNDIDatasource to element {http://www.volantis.com/xmlns/2005/10/storefront/reporting-configuration}:jndi-datasource (#9)
   context (ns#=1) (cv#=0) (fm#=0)
    namespace http://www.volantis.com/xmlns/2005/10/storefront/reporting-configuration
   element wrapper {http://www.volantis.com/xmlns/2005/10/storefront/reporting-configuration}:jndi-datasource
    object binding for com.volantis.synergetics.reporting.config.JNDIDatasource create class com.volantis.synergetics.reporting.config.JNDIDatasource
     structure ordered
      element {http://www.volantis.com/xmlns/2005/10/storefront/reporting-configuration}:name from property name (java.lang.String)
      element {http://www.volantis.com/xmlns/2005/10/storefront/reporting-configuration}:jndi-name from property jndiName (java.lang.String)
  mapping class com.volantis.synergetics.reporting.config.EventTypeExclusion to element {http://www.volantis.com/xmlns/2005/10/storefront/reporting-configuration}:event (#10)
   context (ns#=1) (cv#=0) (fm#=0)
    namespace http://www.volantis.com/xmlns/2005/10/storefront/reporting-configuration
   element wrapper {http://www.volantis.com/xmlns/2005/10/storefront/reporting-configuration}:event
    object binding for com.volantis.synergetics.reporting.config.EventTypeExclusion create class com.volantis.synergetics.reporting.config.EventTypeExclusion
     structure ordered
      attribute type from property eventType (java.lang.String)
  mapping class com.volantis.synergetics.reporting.config.MetricExclusion to element {http://www.volantis.com/xmlns/2005/10/storefront/reporting-configuration}:metric (#11)
   context (ns#=1) (cv#=0) (fm#=0)
    namespace http://www.volantis.com/xmlns/2005/10/storefront/reporting-configuration
   element wrapper {http://www.volantis.com/xmlns/2005/10/storefront/reporting-configuration}:metric
    object binding for com.volantis.synergetics.reporting.config.MetricExclusion create class com.volantis.synergetics.reporting.config.MetricExclusion
     structure ordered
      attribute name from property metricName (java.lang.String)
      attribute operation from property operation (java.lang.String)
      attribute value from property value (java.lang.String)
      attribute ignore-case from optional property ignoreCase (java.lang.Boolean)

Wrote 86 files

 com.volantis.synergetics.reporting.config.JiBX_MungeAdapter output file size is 5446 bytes
 Found 13 methods:
  java.util.ArrayList JiBX_main_bindings_newinstance_1_0
  java.util.ArrayList JiBX_main_bindings_unmarshal_1_0
  java.util.ArrayList JiBX_main_bindings_unmarshal_1_1
  void JiBX_main_bindings_marshal_1_1
  void JiBX_main_bindings_marshal_1_2
  java.util.ArrayList JiBX_main_bindings_unmarshal_1_2
  java.util.ArrayList JiBX_main_bindings_unmarshal_1_3
  void JiBX_main_bindings_marshal_1_3
  void JiBX_main_bindings_marshal_1_4
  java.util.ArrayList JiBX_main_bindings_unmarshal_1_4
  void JiBX_main_bindings_marshal_1_5
  java.util.ArrayList JiBX_main_bindings_unmarshal_1_5
  void JiBX_main_bindings_marshal_1_6

 com.volantis.synergetics.reporting.config.JiBX_main_bindingsReportingConfig_access1 output file size is 2313 bytes
 Found 4 methods:
  void marshal
  java.lang.Object unmarshal
  boolean isPresent
  boolean isExtension

 com.volantis.synergetics.reporting.config.JiBX_main_bindingsReportingConfig_access1 output file size is 2313 bytes
 Found 4 methods:
  void marshal
  java.lang.Object unmarshal
  boolean isPresent
  boolean isExtension

 com.volantis.synergetics.reporting.config.JiBX_MungeAdapter output file size is 5446 bytes
 Found 13 methods:
  java.util.ArrayList JiBX_main_bindings_newinstance_1_0
  java.util.ArrayList JiBX_main_bindings_unmarshal_1_0
  java.util.ArrayList JiBX_main_bindings_unmarshal_1_1
  void JiBX_main_bindings_marshal_1_1
  void JiBX_main_bindings_marshal_1_2
  java.util.ArrayList JiBX_main_bindings_unmarshal_1_2
  java.util.ArrayList JiBX_main_bindings_unmarshal_1_3
  void JiBX_main_bindings_marshal_1_3
  void JiBX_main_bindings_marshal_1_4
  java.util.ArrayList JiBX_main_bindings_unmarshal_1_4
  void JiBX_main_bindings_marshal_1_5
  java.util.ArrayList JiBX_main_bindings_unmarshal_1_5
  void JiBX_main_bindings_marshal_1_6

 com.volantis.synergetics.reporting.config.JiBX_MungeAdapter output file size is 5446 bytes
 Found 13 methods:
  java.util.ArrayList JiBX_main_bindings_newinstance_1_0
  java.util.ArrayList JiBX_main_bindings_unmarshal_1_0
  java.util.ArrayList JiBX_main_bindings_unmarshal_1_1
  void JiBX_main_bindings_marshal_1_1
  void JiBX_main_bindings_marshal_1_2
  java.util.ArrayList JiBX_main_bindings_unmarshal_1_2
  java.util.ArrayList JiBX_main_bindings_unmarshal_1_3
  void JiBX_main_bindings_marshal_1_3
  void JiBX_main_bindings_marshal_1_4
  java.util.ArrayList JiBX_main_bindings_unmarshal_1_4
  void JiBX_main_bindings_marshal_1_5
  java.util.ArrayList JiBX_main_bindings_unmarshal_1_5
  void JiBX_main_bindings_marshal_1_6

 com.volantis.synergetics.reporting.config.JiBX_MungeAdapter output file size is 5446 bytes
 Found 13 methods:
  java.util.ArrayList JiBX_main_bindings_newinstance_1_0
  java.util.ArrayList JiBX_main_bindings_unmarshal_1_0
  java.util.ArrayList JiBX_main_bindings_unmarshal_1_1
  void JiBX_main_bindings_marshal_1_1
  void JiBX_main_bindings_marshal_1_2
  java.util.ArrayList JiBX_main_bindings_unmarshal_1_2
  java.util.ArrayList JiBX_main_bindings_unmarshal_1_3
  void JiBX_main_bindings_marshal_1_3
  void JiBX_main_bindings_marshal_1_4
  java.util.ArrayList JiBX_main_bindings_unmarshal_1_4
  void JiBX_main_bindings_marshal_1_5
  java.util.ArrayList JiBX_main_bindings_unmarshal_1_5
  void JiBX_main_bindings_marshal_1_6

 com.volantis.synergetics.reporting.config.JiBX_main_bindingsReportingConfig_access1 output file size is 2313 bytes
 Found 4 methods:
  void marshal
  java.lang.Object unmarshal
  boolean isPresent
  boolean isExtension

 com.volantis.synergetics.reporting.config.JiBX_MungeAdapter output file size is 5446 bytes
 Found 13 methods:
  java.util.ArrayList JiBX_main_bindings_newinstance_1_0
  java.util.ArrayList JiBX_main_bindings_unmarshal_1_0
  java.util.ArrayList JiBX_main_bindings_unmarshal_1_1
  void JiBX_main_bindings_marshal_1_1
  void JiBX_main_bindings_marshal_1_2
  java.util.ArrayList JiBX_main_bindings_unmarshal_1_2
  java.util.ArrayList JiBX_main_bindings_unmarshal_1_3
  void JiBX_main_bindings_marshal_1_3
  void JiBX_main_bindings_marshal_1_4
  java.util.ArrayList JiBX_main_bindings_unmarshal_1_4
  void JiBX_main_bindings_marshal_1_5
  java.util.ArrayList JiBX_main_bindings_unmarshal_1_5
  void JiBX_main_bindings_marshal_1_6

 com.volantis.synergetics.reporting.config.JiBX_MungeAdapter output file size is 5446 bytes
 Found 13 methods:
  java.util.ArrayList JiBX_main_bindings_newinstance_1_0
  java.util.ArrayList JiBX_main_bindings_unmarshal_1_0
  java.util.ArrayList JiBX_main_bindings_unmarshal_1_1
  void JiBX_main_bindings_marshal_1_1
  void JiBX_main_bindings_marshal_1_2
  java.util.ArrayList JiBX_main_bindings_unmarshal_1_2
  java.util.ArrayList JiBX_main_bindings_unmarshal_1_3
  void JiBX_main_bindings_marshal_1_3
  void JiBX_main_bindings_marshal_1_4
  java.util.ArrayList JiBX_main_bindings_unmarshal_1_4
  void JiBX_main_bindings_marshal_1_5
  java.util.ArrayList JiBX_main_bindings_unmarshal_1_5
  void JiBX_main_bindings_marshal_1_6

 com.volantis.synergetics.reporting.config.JiBX_main_bindingsReportingConfig_access1 output file size is 2313 bytes
 Found 4 methods:
  void marshal
  java.lang.Object unmarshal
  boolean isPresent
  boolean isExtension

 com.volantis.synergetics.reporting.config.JiBX_main_bindingsReportingConfig_access1 output file size is 2313 bytes
 Found 4 methods:
  void marshal
  java.lang.Object unmarshal
  boolean isPresent
  boolean isExtension

 com.volantis.synergetics.reporting.config.JiBX_main_bindingsReportElement_access1 output file size is 2450 bytes
 Found 4 methods:
  void marshal
  java.lang.Object unmarshal
  boolean isPresent
  boolean isExtension

 com.volantis.synergetics.reporting.config.JiBX_main_bindingsReportElement_access1 output file size is 2450 bytes
 Found 4 methods:
  void marshal
  java.lang.Object unmarshal
  boolean isPresent
  boolean isExtension

 com.volantis.synergetics.reporting.config.JiBX_main_bindingsReportElement_access1 output file size is 2450 bytes
 Found 4 methods:
  void marshal
  java.lang.Object unmarshal
  boolean isPresent
  boolean isExtension

 com.volantis.synergetics.reporting.config.JiBX_main_bindingsReportElement_access1 output file size is 2450 bytes
 Found 4 methods:
  void marshal
  java.lang.Object unmarshal
  boolean isPresent
  boolean isExtension

 com.volantis.synergetics.reporting.config.JiBX_main_bindingsReportElement_access1 output file size is 2450 bytes
 Found 4 methods:
  void marshal
  java.lang.Object unmarshal
  boolean isPresent
  boolean isExtension

 com.volantis.synergetics.reporting.config.JiBX_main_bindingsReportExclusion_access1 output file size is 2307 bytes
 Found 4 methods:
  void marshal
  java.lang.Object unmarshal
  boolean isPresent
  boolean isExtension

 com.volantis.synergetics.reporting.config.JiBX_main_bindingsReportExclusion_access1 output file size is 2307 bytes
 Found 4 methods:
  void marshal
  java.lang.Object unmarshal
  boolean isPresent
  boolean isExtension

 com.volantis.synergetics.reporting.config.JiBX_MungeAdapter output file size is 5446 bytes
 Found 13 methods:
  java.util.ArrayList JiBX_main_bindings_newinstance_1_0
  java.util.ArrayList JiBX_main_bindings_unmarshal_1_0
  java.util.ArrayList JiBX_main_bindings_unmarshal_1_1
  void JiBX_main_bindings_marshal_1_1
  void JiBX_main_bindings_marshal_1_2
  java.util.ArrayList JiBX_main_bindings_unmarshal_1_2
  java.util.ArrayList JiBX_main_bindings_unmarshal_1_3
  void JiBX_main_bindings_marshal_1_3
  void JiBX_main_bindings_marshal_1_4
  java.util.ArrayList JiBX_main_bindings_unmarshal_1_4
  void JiBX_main_bindings_marshal_1_5
  java.util.ArrayList JiBX_main_bindings_unmarshal_1_5
  void JiBX_main_bindings_marshal_1_6

 com.volantis.synergetics.reporting.config.JiBX_MungeAdapter output file size is 5446 bytes
 Found 13 methods:
  java.util.ArrayList JiBX_main_bindings_newinstance_1_0
  java.util.ArrayList JiBX_main_bindings_unmarshal_1_0
  java.util.ArrayList JiBX_main_bindings_unmarshal_1_1
  void JiBX_main_bindings_marshal_1_1
  void JiBX_main_bindings_marshal_1_2
  java.util.ArrayList JiBX_main_bindings_unmarshal_1_2
  java.util.ArrayList JiBX_main_bindings_unmarshal_1_3
  void JiBX_main_bindings_marshal_1_3
  void JiBX_main_bindings_marshal_1_4
  java.util.ArrayList JiBX_main_bindings_unmarshal_1_4
  void JiBX_main_bindings_marshal_1_5
  java.util.ArrayList JiBX_main_bindings_unmarshal_1_5
  void JiBX_main_bindings_marshal_1_6

 com.volantis.synergetics.reporting.config.JiBX_main_bindingsReportExclusion_access1 output file size is 2307 bytes
 Found 4 methods:
  void marshal
  java.lang.Object unmarshal
  boolean isPresent
  boolean isExtension

 com.volantis.synergetics.reporting.config.JiBX_MungeAdapter output file size is 5446 bytes
 Found 13 methods:
  java.util.ArrayList JiBX_main_bindings_newinstance_1_0
  java.util.ArrayList JiBX_main_bindings_unmarshal_1_0
  java.util.ArrayList JiBX_main_bindings_unmarshal_1_1
  void JiBX_main_bindings_marshal_1_1
  void JiBX_main_bindings_marshal_1_2
  java.util.ArrayList JiBX_main_bindings_unmarshal_1_2
  java.util.ArrayList JiBX_main_bindings_unmarshal_1_3
  void JiBX_main_bindings_marshal_1_3
  void JiBX_main_bindings_marshal_1_4
  java.util.ArrayList JiBX_main_bindings_unmarshal_1_4
  void JiBX_main_bindings_marshal_1_5
  java.util.ArrayList JiBX_main_bindings_unmarshal_1_5
  void JiBX_main_bindings_marshal_1_6

 com.volantis.synergetics.reporting.config.JiBX_MungeAdapter output file size is 5446 bytes
 Found 13 methods:
  java.util.ArrayList JiBX_main_bindings_newinstance_1_0
  java.util.ArrayList JiBX_main_bindings_unmarshal_1_0
  java.util.ArrayList JiBX_main_bindings_unmarshal_1_1
  void JiBX_main_bindings_marshal_1_1
  void JiBX_main_bindings_marshal_1_2
  java.util.ArrayList JiBX_main_bindings_unmarshal_1_2
  java.util.ArrayList JiBX_main_bindings_unmarshal_1_3
  void JiBX_main_bindings_marshal_1_3
  void JiBX_main_bindings_marshal_1_4
  java.util.ArrayList JiBX_main_bindings_unmarshal_1_4
  void JiBX_main_bindings_marshal_1_5
  java.util.ArrayList JiBX_main_bindings_unmarshal_1_5
  void JiBX_main_bindings_marshal_1_6

 com.volantis.synergetics.reporting.config.JiBX_main_bindingsReportExclusion_access1 output file size is 2307 bytes
 Found 4 methods:
  void marshal
  java.lang.Object unmarshal
  boolean isPresent
  boolean isExtension

 com.volantis.synergetics.reporting.config.JiBX_main_bindingsReportExclusion_access1 output file size is 2307 bytes
 Found 4 methods:
  void marshal
  java.lang.Object unmarshal
  boolean isPresent
  boolean isExtension

 com.volantis.synergetics.reporting.config.JiBX_main_bindingsGenericHandler_access1 output file size is 2463 bytes
 Found 4 methods:
  void marshal
  java.lang.Object unmarshal
  boolean isPresent
  boolean isExtension

 com.volantis.synergetics.reporting.config.JiBX_main_bindingsGenericHandler_access1 output file size is 2463 bytes
 Found 4 methods:
  void marshal
  java.lang.Object unmarshal
  boolean isPresent
  boolean isExtension

 com.volantis.synergetics.reporting.config.JiBX_MungeAdapter output file size is 5446 bytes
 Found 13 methods:
  java.util.ArrayList JiBX_main_bindings_newinstance_1_0
  java.util.ArrayList JiBX_main_bindings_unmarshal_1_0
  java.util.ArrayList JiBX_main_bindings_unmarshal_1_1
  void JiBX_main_bindings_marshal_1_1
  void JiBX_main_bindings_marshal_1_2
  java.util.ArrayList JiBX_main_bindings_unmarshal_1_2
  java.util.ArrayList JiBX_main_bindings_unmarshal_1_3
  void JiBX_main_bindings_marshal_1_3
  void JiBX_main_bindings_marshal_1_4
  java.util.ArrayList JiBX_main_bindings_unmarshal_1_4
  void JiBX_main_bindings_marshal_1_5
  java.util.ArrayList JiBX_main_bindings_unmarshal_1_5
  void JiBX_main_bindings_marshal_1_6

 com.volantis.synergetics.reporting.config.JiBX_main_bindingsGenericHandler_access1 output file size is 2463 bytes
 Found 4 methods:
  void marshal
  java.lang.Object unmarshal
  boolean isPresent
  boolean isExtension

 com.volantis.synergetics.reporting.config.JiBX_MungeAdapter output file size is 5446 bytes
 Found 13 methods:
  java.util.ArrayList JiBX_main_bindings_newinstance_1_0
  java.util.ArrayList JiBX_main_bindings_unmarshal_1_0
  java.util.ArrayList JiBX_main_bindings_unmarshal_1_1
  void JiBX_main_bindings_marshal_1_1
  void JiBX_main_bindings_marshal_1_2
  java.util.ArrayList JiBX_main_bindings_unmarshal_1_2
  java.util.ArrayList JiBX_main_bindings_unmarshal_1_3
  void JiBX_main_bindings_marshal_1_3
  void JiBX_main_bindings_marshal_1_4
  java.util.ArrayList JiBX_main_bindings_unmarshal_1_4
  void JiBX_main_bindings_marshal_1_5
  java.util.ArrayList JiBX_main_bindings_unmarshal_1_5
  void JiBX_main_bindings_marshal_1_6

 com.volantis.synergetics.reporting.config.JiBX_main_bindingsGenericHandler_access1 output file size is 2463 bytes
 Found 4 methods:
  void marshal
  java.lang.Object unmarshal
  boolean isPresent
  boolean isExtension

 com.volantis.synergetics.reporting.config.JiBX_main_bindingsGenericHandler_access1 output file size is 2463 bytes
 Found 4 methods:
  void marshal
  java.lang.Object unmarshal
  boolean isPresent
  boolean isExtension

 com.volantis.synergetics.reporting.config.JiBX_main_bindingsGenericHandlerParam_access1 output file size is 2318 bytes
 Found 4 methods:
  void marshal
  java.lang.Object unmarshal
  boolean isPresent
  boolean isExtension

 com.volantis.synergetics.reporting.config.JiBX_main_bindingsGenericHandlerParam_access1 output file size is 2318 bytes
 Found 4 methods:
  void marshal
  java.lang.Object unmarshal
  boolean isPresent
  boolean isExtension

 com.volantis.synergetics.reporting.config.JiBX_main_bindingsGenericHandlerParam_access1 output file size is 2318 bytes
 Found 4 methods:
  void marshal
  java.lang.Object unmarshal
  boolean isPresent
  boolean isExtension

 com.volantis.synergetics.reporting.config.JiBX_main_bindingsGenericHandlerParam_access1 output file size is 2318 bytes
 Found 4 methods:
  void marshal
  java.lang.Object unmarshal
  boolean isPresent
  boolean isExtension

 com.volantis.synergetics.reporting.config.JiBX_main_bindingsGenericHandlerParam_access1 output file size is 2318 bytes
 Found 4 methods:
  void marshal
  java.lang.Object unmarshal
  boolean isPresent
  boolean isExtension

 com.volantis.synergetics.reporting.config.JiBX_main_bindingsSqlHandler_access1 output file size is 2288 bytes
 Found 4 methods:
  void marshal
  java.lang.Object unmarshal
  boolean isPresent
  boolean isExtension

 com.volantis.synergetics.reporting.config.JiBX_main_bindingsSqlHandler_access1 output file size is 2288 bytes
 Found 4 methods:
  void marshal
  java.lang.Object unmarshal
  boolean isPresent
  boolean isExtension

 com.volantis.synergetics.reporting.config.JiBX_MungeAdapter output file size is 5446 bytes
 Found 13 methods:
  java.util.ArrayList JiBX_main_bindings_newinstance_1_0
  java.util.ArrayList JiBX_main_bindings_unmarshal_1_0
  java.util.ArrayList JiBX_main_bindings_unmarshal_1_1
  void JiBX_main_bindings_marshal_1_1
  void JiBX_main_bindings_marshal_1_2
  java.util.ArrayList JiBX_main_bindings_unmarshal_1_2
  java.util.ArrayList JiBX_main_bindings_unmarshal_1_3
  void JiBX_main_bindings_marshal_1_3
  void JiBX_main_bindings_marshal_1_4
  java.util.ArrayList JiBX_main_bindings_unmarshal_1_4
  void JiBX_main_bindings_marshal_1_5
  java.util.ArrayList JiBX_main_bindings_unmarshal_1_5
  void JiBX_main_bindings_marshal_1_6

 com.volantis.synergetics.reporting.config.JiBX_main_bindingsSqlHandler_access1 output file size is 2288 bytes
 Found 4 methods:
  void marshal
  java.lang.Object unmarshal
  boolean isPresent
  boolean isExtension

 com.volantis.synergetics.reporting.config.JiBX_MungeAdapter output file size is 5446 bytes
 Found 13 methods:
  java.util.ArrayList JiBX_main_bindings_newinstance_1_0
  java.util.ArrayList JiBX_main_bindings_unmarshal_1_0
  java.util.ArrayList JiBX_main_bindings_unmarshal_1_1
  void JiBX_main_bindings_marshal_1_1
  void JiBX_main_bindings_marshal_1_2
  java.util.ArrayList JiBX_main_bindings_unmarshal_1_2
  java.util.ArrayList JiBX_main_bindings_unmarshal_1_3
  void JiBX_main_bindings_marshal_1_3
  void JiBX_main_bindings_marshal_1_4
  java.util.ArrayList JiBX_main_bindings_unmarshal_1_4
  void JiBX_main_bindings_marshal_1_5
  java.util.ArrayList JiBX_main_bindings_unmarshal_1_5
  void JiBX_main_bindings_marshal_1_6

 com.volantis.synergetics.reporting.config.JiBX_main_bindingsSqlHandler_access1 output file size is 2288 bytes
 Found 4 methods:
  void marshal
  java.lang.Object unmarshal
  boolean isPresent
  boolean isExtension

 com.volantis.synergetics.reporting.config.JiBX_main_bindingsSqlHandler_access1 output file size is 2288 bytes
 Found 4 methods:
  void marshal
  java.lang.Object unmarshal
  boolean isPresent
  boolean isExtension

 com.volantis.synergetics.reporting.config.JiBX_main_bindingsColumnMapping_access1 output file size is 2304 bytes
 Found 4 methods:
  void marshal
  java.lang.Object unmarshal
  boolean isPresent
  boolean isExtension

 com.volantis.synergetics.reporting.config.JiBX_main_bindingsColumnMapping_access1 output file size is 2304 bytes
 Found 4 methods:
  void marshal
  java.lang.Object unmarshal
  boolean isPresent
  boolean isExtension

 com.volantis.synergetics.reporting.config.JiBX_main_bindingsColumnMapping_access1 output file size is 2304 bytes
 Found 4 methods:
  void marshal
  java.lang.Object unmarshal
  boolean isPresent
  boolean isExtension

 com.volantis.synergetics.reporting.config.JiBX_main_bindingsColumnMapping_access1 output file size is 2304 bytes
 Found 4 methods:
  void marshal
  java.lang.Object unmarshal
  boolean isPresent
  boolean isExtension

 com.volantis.synergetics.reporting.config.JiBX_main_bindingsColumnMapping_access1 output file size is 2304 bytes
 Found 4 methods:
  void marshal
  java.lang.Object unmarshal
  boolean isPresent
  boolean isExtension

 com.volantis.synergetics.reporting.config.JiBX_main_bindingsJDBCDatasource_access1 output file size is 2309 bytes
 Found 4 methods:
  void marshal
  java.lang.Object unmarshal
  boolean isPresent
  boolean isExtension

 com.volantis.synergetics.reporting.config.JiBX_main_bindingsJDBCDatasource_access1 output file size is 2309 bytes
 Found 4 methods:
  void marshal
  java.lang.Object unmarshal
  boolean isPresent
  boolean isExtension

 com.volantis.synergetics.reporting.config.JiBX_main_bindingsJDBCDatasource_access1 output file size is 2309 bytes
 Found 4 methods:
  void marshal
  java.lang.Object unmarshal
  boolean isPresent
  boolean isExtension

 com.volantis.synergetics.reporting.config.JiBX_main_bindingsJDBCDatasource_access1 output file size is 2309 bytes
 Found 4 methods:
  void marshal
  java.lang.Object unmarshal
  boolean isPresent
  boolean isExtension

 com.volantis.synergetics.reporting.config.JiBX_main_bindingsJDBCDatasource_access1 output file size is 2309 bytes
 Found 4 methods:
  void marshal
  java.lang.Object unmarshal
  boolean isPresent
  boolean isExtension

 com.volantis.synergetics.reporting.config.JiBX_main_bindingsInternalPoolDatasource_access1 output file size is 2350 bytes
 Found 4 methods:
  void marshal
  java.lang.Object unmarshal
  boolean isPresent
  boolean isExtension

 com.volantis.synergetics.reporting.config.JiBX_main_bindingsInternalPoolDatasource_access1 output file size is 2350 bytes
 Found 4 methods:
  void marshal
  java.lang.Object unmarshal
  boolean isPresent
  boolean isExtension

 com.volantis.synergetics.reporting.config.JiBX_main_bindingsInternalPoolDatasource_access1 output file size is 2350 bytes
 Found 4 methods:
  void marshal
  java.lang.Object unmarshal
  boolean isPresent
  boolean isExtension

 com.volantis.synergetics.reporting.config.JiBX_main_bindingsInternalPoolDatasource_access1 output file size is 2350 bytes
 Found 4 methods:
  void marshal
  java.lang.Object unmarshal
  boolean isPresent
  boolean isExtension

 com.volantis.synergetics.reporting.config.JiBX_main_bindingsInternalPoolDatasource_access1 output file size is 2350 bytes
 Found 4 methods:
  void marshal
  java.lang.Object unmarshal
  boolean isPresent
  boolean isExtension

 com.volantis.synergetics.reporting.config.JiBX_main_bindingsJNDIDatasource_access1 output file size is 2309 bytes
 Found 4 methods:
  void marshal
  java.lang.Object unmarshal
  boolean isPresent
  boolean isExtension

 com.volantis.synergetics.reporting.config.JiBX_main_bindingsJNDIDatasource_access1 output file size is 2309 bytes
 Found 4 methods:
  void marshal
  java.lang.Object unmarshal
  boolean isPresent
  boolean isExtension

 com.volantis.synergetics.reporting.config.JiBX_main_bindingsJNDIDatasource_access1 output file size is 2309 bytes
 Found 4 methods:
  void marshal
  java.lang.Object unmarshal
  boolean isPresent
  boolean isExtension

 com.volantis.synergetics.reporting.config.JiBX_main_bindingsJNDIDatasource_access1 output file size is 2309 bytes
 Found 4 methods:
  void marshal
  java.lang.Object unmarshal
  boolean isPresent
  boolean isExtension

 com.volantis.synergetics.reporting.config.JiBX_main_bindingsJNDIDatasource_access1 output file size is 2309 bytes
 Found 4 methods:
  void marshal
  java.lang.Object unmarshal
  boolean isPresent
  boolean isExtension

 com.volantis.synergetics.reporting.config.JiBX_main_bindingsEventTypeExclusion_access1 output file size is 2269 bytes
 Found 4 methods:
  void marshal
  java.lang.Object unmarshal
  boolean isPresent
  boolean isExtension

 com.volantis.synergetics.reporting.config.JiBX_main_bindingsEventTypeExclusion_access1 output file size is 2269 bytes
 Found 4 methods:
  void marshal
  java.lang.Object unmarshal
  boolean isPresent
  boolean isExtension

 com.volantis.synergetics.reporting.config.JiBX_main_bindingsEventTypeExclusion_access1 output file size is 2269 bytes
 Found 4 methods:
  void marshal
  java.lang.Object unmarshal
  boolean isPresent
  boolean isExtension

 com.volantis.synergetics.reporting.config.JiBX_main_bindingsEventTypeExclusion_access1 output file size is 2269 bytes
 Found 4 methods:
  void marshal
  java.lang.Object unmarshal
  boolean isPresent
  boolean isExtension

 com.volantis.synergetics.reporting.config.JiBX_main_bindingsEventTypeExclusion_access1 output file size is 2269 bytes
 Found 4 methods:
  void marshal
  java.lang.Object unmarshal
  boolean isPresent
  boolean isExtension

 com.volantis.synergetics.reporting.config.JiBX_main_bindingsMetricExclusion_access1 output file size is 2258 bytes
 Found 4 methods:
  void marshal
  java.lang.Object unmarshal
  boolean isPresent
  boolean isExtension

 com.volantis.synergetics.reporting.config.JiBX_main_bindingsMetricExclusion_access1 output file size is 2258 bytes
 Found 4 methods:
  void marshal
  java.lang.Object unmarshal
  boolean isPresent
  boolean isExtension

 com.volantis.synergetics.reporting.config.JiBX_main_bindingsMetricExclusion_access1 output file size is 2258 bytes
 Found 4 methods:
  void marshal
  java.lang.Object unmarshal
  boolean isPresent
  boolean isExtension

 com.volantis.synergetics.reporting.config.JiBX_main_bindingsMetricExclusion_access1 output file size is 2258 bytes
 Found 4 methods:
  void marshal
  java.lang.Object unmarshal
  boolean isPresent
  boolean isExtension

 com.volantis.synergetics.reporting.config.JiBX_main_bindingsMetricExclusion_access1 output file size is 2258 bytes
 Found 4 methods:
  void marshal
  java.lang.Object unmarshal
  boolean isPresent
  boolean isExtension

 com.volantis.synergetics.reporting.config.JiBX_main_bindingsFactory output file size is 4769 bytes
 Found 11 methods:
  org.jibx.runtime.IBindingFactory getInstance
  [Ljava.lang.String; getNamespaces
  int getCompilerVersion
  org.jibx.runtime.IMarshallingContext createMarshallingContext
  org.jibx.runtime.IUnmarshallingContext createUnmarshallingContext
  java.lang.String getCompilerDistribution
  [Ljava.lang.String; getPrefixes
  [Ljava.lang.String; getMappedClasses
  [Ljava.lang.String; getElementNamespaces
  [Ljava.lang.String; getElementNames
  int getTypeIndex

 com.volantis.synergetics.reporting.config.JiBX_main_bindingsFactory output file size is 4769 bytes
 Found 11 methods:
  org.jibx.runtime.IBindingFactory getInstance
  [Ljava.lang.String; getNamespaces
  int getCompilerVersion
  org.jibx.runtime.IMarshallingContext createMarshallingContext
  org.jibx.runtime.IUnmarshallingContext createUnmarshallingContext
  java.lang.String getCompilerDistribution
  [Ljava.lang.String; getPrefixes
  [Ljava.lang.String; getMappedClasses
  [Ljava.lang.String; getElementNamespaces
  [Ljava.lang.String; getElementNames
  int getTypeIndex

 com.volantis.synergetics.reporting.config.JiBX_main_bindingsFactory output file size is 4769 bytes
 Found 11 methods:
  org.jibx.runtime.IBindingFactory getInstance
  [Ljava.lang.String; getNamespaces
  int getCompilerVersion
  org.jibx.runtime.IMarshallingContext createMarshallingContext
  org.jibx.runtime.IUnmarshallingContext createUnmarshallingContext
  java.lang.String getCompilerDistribution
  [Ljava.lang.String; getPrefixes
  [Ljava.lang.String; getMappedClasses
  [Ljava.lang.String; getElementNamespaces
  [Ljava.lang.String; getElementNames
  int getTypeIndex

 com.volantis.synergetics.reporting.config.JiBX_main_bindingsFactory output file size is 4769 bytes
 Found 11 methods:
  org.jibx.runtime.IBindingFactory getInstance
  [Ljava.lang.String; getNamespaces
  int getCompilerVersion
  org.jibx.runtime.IMarshallingContext createMarshallingContext
  org.jibx.runtime.IUnmarshallingContext createUnmarshallingContext
  java.lang.String getCompilerDistribution
  [Ljava.lang.String; getPrefixes
  [Ljava.lang.String; getMappedClasses
  [Ljava.lang.String; getElementNamespaces
  [Ljava.lang.String; getElementNames
  int getTypeIndex

 com.volantis.synergetics.reporting.config.JiBX_main_bindingsFactory output file size is 4769 bytes
 Found 11 methods:
  org.jibx.runtime.IBindingFactory getInstance
  [Ljava.lang.String; getNamespaces
  int getCompilerVersion
  org.jibx.runtime.IMarshallingContext createMarshallingContext
  org.jibx.runtime.IUnmarshallingContext createUnmarshallingContext
  java.lang.String getCompilerDistribution
  [Ljava.lang.String; getPrefixes
  [Ljava.lang.String; getMappedClasses
  [Ljava.lang.String; getElementNamespaces
  [Ljava.lang.String; getElementNames
  int getTypeIndex

 com.volantis.synergetics.reporting.config.JiBX_main_bindingsFactory output file size is 4769 bytes
 Found 11 methods:
  org.jibx.runtime.IBindingFactory getInstance
  [Ljava.lang.String; getNamespaces
  int getCompilerVersion
  org.jibx.runtime.IMarshallingContext createMarshallingContext
  org.jibx.runtime.IUnmarshallingContext createUnmarshallingContext
  java.lang.String getCompilerDistribution
  [Ljava.lang.String; getPrefixes
  [Ljava.lang.String; getMappedClasses
  [Ljava.lang.String; getElementNamespaces
  [Ljava.lang.String; getElementNames
  int getTypeIndex

 com.volantis.synergetics.reporting.config.JiBX_main_bindingsFactory output file size is 4769 bytes
 Found 11 methods:
  org.jibx.runtime.IBindingFactory getInstance
  [Ljava.lang.String; getNamespaces
  int getCompilerVersion
  org.jibx.runtime.IMarshallingContext createMarshallingContext
  org.jibx.runtime.IUnmarshallingContext createUnmarshallingContext
  java.lang.String getCompilerDistribution
  [Ljava.lang.String; getPrefixes
  [Ljava.lang.String; getMappedClasses
  [Ljava.lang.String; getElementNamespaces
  [Ljava.lang.String; getElementNames
  int getTypeIndex

 com.volantis.synergetics.reporting.config.JiBX_main_bindingsFactory output file size is 4769 bytes
 Found 11 methods:
  org.jibx.runtime.IBindingFactory getInstance
  [Ljava.lang.String; getNamespaces
  int getCompilerVersion
  org.jibx.runtime.IMarshallingContext createMarshallingContext
  org.jibx.runtime.IUnmarshallingContext createUnmarshallingContext
  java.lang.String getCompilerDistribution
  [Ljava.lang.String; getPrefixes
  [Ljava.lang.String; getMappedClasses
  [Ljava.lang.String; getElementNamespaces
  [Ljava.lang.String; getElementNames
  int getTypeIndex

 com.volantis.synergetics.reporting.config.JiBX_main_bindingsFactory output file size is 4769 bytes
 Found 11 methods:
  org.jibx.runtime.IBindingFactory getInstance
  [Ljava.lang.String; getNamespaces
  int getCompilerVersion
  org.jibx.runtime.IMarshallingContext createMarshallingContext
  org.jibx.runtime.IUnmarshallingContext createUnmarshallingContext
  java.lang.String getCompilerDistribution
  [Ljava.lang.String; getPrefixes
  [Ljava.lang.String; getMappedClasses
  [Ljava.lang.String; getElementNamespaces
  [Ljava.lang.String; getElementNames
  int getTypeIndex

 com.volantis.synergetics.reporting.config.JiBX_main_bindingsFactory output file size is 4769 bytes
 Found 11 methods:
  org.jibx.runtime.IBindingFactory getInstance
  [Ljava.lang.String; getNamespaces
  int getCompilerVersion
  org.jibx.runtime.IMarshallingContext createMarshallingContext
  org.jibx.runtime.IUnmarshallingContext createUnmarshallingContext
  java.lang.String getCompilerDistribution
  [Ljava.lang.String; getPrefixes
  [Ljava.lang.String; getMappedClasses
  [Ljava.lang.String; getElementNamespaces
  [Ljava.lang.String; getElementNames
  int getTypeIndex

 com.volantis.synergetics.reporting.config.JiBX_main_bindingsFactory output file size is 4769 bytes
 Found 11 methods:
  org.jibx.runtime.IBindingFactory getInstance
  [Ljava.lang.String; getNamespaces
  int getCompilerVersion
  org.jibx.runtime.IMarshallingContext createMarshallingContext
  org.jibx.runtime.IUnmarshallingContext createUnmarshallingContext
  java.lang.String getCompilerDistribution
  [Ljava.lang.String; getPrefixes
  [Ljava.lang.String; getMappedClasses
  [Ljava.lang.String; getElementNamespaces
  [Ljava.lang.String; getElementNames
  int getTypeIndex

 com.volantis.synergetics.reporting.config.JiBX_main_bindingsFactory output file size is 4769 bytes
 Found 11 methods:
  org.jibx.runtime.IBindingFactory getInstance
  [Ljava.lang.String; getNamespaces
  int getCompilerVersion
  org.jibx.runtime.IMarshallingContext createMarshallingContext
  org.jibx.runtime.IUnmarshallingContext createUnmarshallingContext
  java.lang.String getCompilerDistribution
  [Ljava.lang.String; getPrefixes
  [Ljava.lang.String; getMappedClasses
  [Ljava.lang.String; getElementNamespaces
  [Ljava.lang.String; getElementNames
  int getTypeIndex

Kept 26 files unchanged:
 com.volantis.synergetics.reporting.config.ReportingConfig
 com.volantis.synergetics.reporting.config.JiBX_main_bindingsJDBCDatasource_access
 com.volantis.synergetics.reporting.config.JiBX_main_bindingsReportExclusion_access
 com.volantis.synergetics.reporting.config.JiBX_MungeAdapter
 com.volantis.synergetics.reporting.config.JiBX_main_bindingsEventTypeExclusion_access
 com.volantis.synergetics.reporting.config.JiBX_main_bindingsFactory
 com.volantis.synergetics.reporting.config.JiBX_main_bindingsColumnMapping_access
 com.volantis.synergetics.reporting.config.JiBX_main_bindingsSqlHandler_access
 com.volantis.synergetics.reporting.config.JiBX_main_bindingsInternalPoolDatasource_access
 com.volantis.synergetics.reporting.config.JiBX_main_bindingsMetricExclusion_access
 com.volantis.synergetics.reporting.config.JiBX_main_bindingsReportElement_access
 com.volantis.synergetics.reporting.config.JiBX_main_bindingsGenericHandler_access
 com.volantis.synergetics.reporting.config.JiBX_main_bindingsReportingConfig_access
 com.volantis.synergetics.reporting.config.JiBX_main_bindingsGenericHandlerParam_access
 com.volantis.synergetics.reporting.config.JiBX_main_bindingsJNDIDatasource_access
 com.volantis.synergetics.reporting.config.ReportElement
 com.volantis.synergetics.reporting.config.ReportExclusion
 com.volantis.synergetics.reporting.config.GenericHandler
 com.volantis.synergetics.reporting.config.GenericHandlerParam
 com.volantis.synergetics.reporting.config.SqlHandler
 com.volantis.synergetics.reporting.config.ColumnMapping
 com.volantis.synergetics.reporting.config.JDBCDatasource
 com.volantis.synergetics.reporting.config.InternalPoolDatasource
 com.volantis.synergetics.reporting.config.JNDIDatasource
 com.volantis.synergetics.reporting.config.EventTypeExclusion
 com.volantis.synergetics.reporting.config.MetricExclusion

Deleted 0 files:
external target {com.volantis.build}:prepare-impl
Switching to module: module {com.volantis.build}:cornerstone
Determining class path for impl of cornerstone
Compiling implementation for cornerstone
external target {com.volantis.build}:prepare-impl
Switching to module: module {com.volantis.build}:localization
Determining class path for impl of localization
Compiling implementation for localization
external target {com.volantis.build}:prepare-impl
Generate source code for test support for localization
internal target {com.volantis.build}:define-volantis-mock-task
Switching to module: module {com.volantis.build}:product
internal target {com.volantis.build}:resolve-volantis-mock-task
Creating module file: module7
[Error] :43:30: cos-nonambig: "":license and WC[##any] (or elements from their substitution group) violate "Unique Particle Attribution". During validation against this schema, ambiguity would be created for those two particles.
:: resolving dependencies :: com.volantis.build#volantis-mock-task;working@v-pduffin.uk.volantis.com
	confs: [default]
	found com.volantis#testtools.mock-generator#newbuild;newbuild in local:ivy-internals
	found org.apache#ant;1.7.0 in local:ivy-sandbox
	found org.codehaus#plexus.utils;1.0.4 in local:ivy-sandbox
	found com.thoughtworks#qdox;1.6.3 in local:ivy-sandbox
	found org.apache#ant.launcher;1.7.0 in local:ivy-sandbox
:: resolution report :: resolve 91ms :: artifacts dl 2ms
	:: modules in use:
	com.thoughtworks#qdox;1.6.3 from local:ivy-sandbox in [default]
	com.volantis#testtools.mock-generator#newbuild;newbuild from local:ivy-internals in [default]
	org.apache#ant;1.7.0 from local:ivy-sandbox in [default]
	org.apache#ant.launcher;1.7.0 from local:ivy-sandbox in [default]
	org.codehaus#plexus.utils;1.0.4 from local:ivy-sandbox in [default]
	---------------------------------------------------------------------
	|                  |            modules            ||   artifacts   |
	|       conf       | number| search|dwnlded|evicted|| number|dwnlded|
	---------------------------------------------------------------------
	|      default     |   5   |   0   |   0   |   0   ||   6   |   0   |
	---------------------------------------------------------------------
dependency:com.volantis.build:volantis-mock-task: [com.volantis.build:volantis-mock-task:inline: [/srv/git/Synergetics/built/ivy/cache/com.volantis/testtools.mock-generator/newbuild/jar/com.volantis.testtools.mock-generator-newbuild.jar, /srv/git/Synergetics/built/ivy/cache/com.volantis/testtools.mock-generator/newbuild/api/com.volantis.testtools.mock-generator-newbuild.jar, /srv/git/Synergetics/built/ivy/cache/org.apache/ant/1.7.0/jar/org.apache.ant-1.7.0.jar, /srv/git/Synergetics/built/ivy/cache/org.codehaus/plexus.utils/1.0.4/jar/org.codehaus.plexus.utils-1.0.4.jar, /srv/git/Synergetics/built/ivy/cache/com.thoughtworks/qdox/1.6.3/jar/com.thoughtworks.qdox-1.6.3.jar, /srv/git/Synergetics/built/ivy/cache/org.apache/ant.launcher/1.7.0/jar/org.apache.ant.launcher-1.7.0.jar]]
/srv/git/Synergetics/built/ivy/cache/com.volantis/testtools.mock-generator/newbuild/jar/com.volantis.testtools.mock-generator-newbuild.jar
/srv/git/Synergetics/built/ivy/cache/com.volantis/testtools.mock-generator/newbuild/api/com.volantis.testtools.mock-generator-newbuild.jar
/srv/git/Synergetics/built/ivy/cache/org.apache/ant/1.7.0/jar/org.apache.ant-1.7.0.jar
/srv/git/Synergetics/built/ivy/cache/org.codehaus/plexus.utils/1.0.4/jar/org.codehaus.plexus.utils-1.0.4.jar
/srv/git/Synergetics/built/ivy/cache/com.thoughtworks/qdox/1.6.3/jar/com.thoughtworks.qdox-1.6.3.jar
/srv/git/Synergetics/built/ivy/cache/org.apache/ant.launcher/1.7.0/jar/org.apache.ant.launcher-1.7.0.jar
[volantis-mock-task] Code took 0ms
Switching to module: module {com.volantis.build}:localization
Determining class path for support of localization
Compiling test support for localization
Making directory /srv/git/Synergetics/built/subsystems/localization/output/test/support/classes
Compile class path
debug: /srv/git/Synergetics/built/ivy/cache/com.volantis/testtools.mock/newbuild/api/com.volantis.testtools.mock-newbuild.jar
debug: /srv/git/Synergetics/built/ivy/cache/com.volantis/testtools.mock/newbuild/support/com.volantis.testtools.mock-newbuild.jar
debug: /srv/git/Synergetics/built/ivy/cache/org.junit/api/3.8.2/jar/org.junit.api-3.8.2.jar
debug: /srv/git/Synergetics/built/ivy/cache/net.sourceforge/junit-addons/1.4/jar/net.sourceforge.junit-addons-1.4.jar
debug: /srv/git/Synergetics/built/subsystems/localization/output/main/impl/classes
debug: /srv/git/Synergetics/built/ivy/cache/org.apache/log4j/1.2.8/jar/org.apache.log4j-1.2.8.jar
debug: /srv/git/Synergetics/built/ivy/cache/javax.servlet/api/2.4/jar/javax.servlet.api-2.4.jar
debug: /srv/git/Synergetics/built/subsystems/localization/output/main/api/classes
external target {com.volantis.build}:prepare-support
Switching to module: module {com.volantis.build}:testtools
Determining class path for impl of testtools
Compiling implementation for testtools
external target {com.volantis.build}:prepare-impl
Switching to module: module {com.volantis.build}:runtime
Determining class path for impl of runtime
Compiling implementation for runtime
Making directory /srv/git/Synergetics/built/subsystems/runtime/output/main/impl/classes
Compile class path
debug: /srv/git/Synergetics/built/subsystems/localization/output/main/api/classes
debug: /srv/git/Synergetics/built/ivy/cache/javax.servlet/api/2.4/jar/javax.servlet.api-2.4.jar
debug: /srv/git/Synergetics/built/ivy/cache/org.jibx/api/1.1.5/jar/org.jibx.api-1.1.5.jar
debug: /srv/git/Synergetics/built/ivy/cache/javax.jdo/api/2.0/jar/javax.jdo.api-2.0.jar
debug: /srv/git/Synergetics/built/ivy/cache/com.volantis.jdom/api/0.9/jar/com.volantis.jdom.api-0.9.jar
debug: /srv/git/Synergetics/built/subsystems/runtime/output/main/api/classes
external target {com.volantis.build}:prepare-impl
Generate source code for test support for runtime
internal target {com.volantis.build}:define-volantis-mock-task
dependency:com.volantis.build:volantis-mock-task: [com.volantis.build:volantis-mock-task:inline: [/srv/git/Synergetics/built/ivy/cache/com.volantis/testtools.mock-generator/newbuild/jar/com.volantis.testtools.mock-generator-newbuild.jar, /srv/git/Synergetics/built/ivy/cache/com.volantis/testtools.mock-generator/newbuild/api/com.volantis.testtools.mock-generator-newbuild.jar, /srv/git/Synergetics/built/ivy/cache/org.apache/ant/1.7.0/jar/org.apache.ant-1.7.0.jar, /srv/git/Synergetics/built/ivy/cache/org.codehaus/plexus.utils/1.0.4/jar/org.codehaus.plexus.utils-1.0.4.jar, /srv/git/Synergetics/built/ivy/cache/com.thoughtworks/qdox/1.6.3/jar/com.thoughtworks.qdox-1.6.3.jar, /srv/git/Synergetics/built/ivy/cache/org.apache/ant.launcher/1.7.0/jar/org.apache.ant.launcher-1.7.0.jar]]
/srv/git/Synergetics/built/ivy/cache/com.volantis/testtools.mock-generator/newbuild/jar/com.volantis.testtools.mock-generator-newbuild.jar
/srv/git/Synergetics/built/ivy/cache/com.volantis/testtools.mock-generator/newbuild/api/com.volantis.testtools.mock-generator-newbuild.jar
/srv/git/Synergetics/built/ivy/cache/org.apache/ant/1.7.0/jar/org.apache.ant-1.7.0.jar
/srv/git/Synergetics/built/ivy/cache/org.codehaus/plexus.utils/1.0.4/jar/org.codehaus.plexus.utils-1.0.4.jar
/srv/git/Synergetics/built/ivy/cache/com.thoughtworks/qdox/1.6.3/jar/com.thoughtworks.qdox-1.6.3.jar
/srv/git/Synergetics/built/ivy/cache/org.apache/ant.launcher/1.7.0/jar/org.apache.ant.launcher-1.7.0.jar
[volantis-mock-task] Code took 0ms
Determining class path for support of runtime
Compiling test support for runtime
external target {com.volantis.build}:prepare-support
Switching to module: module {com.volantis.build}:testtools
Generate source code for test support for testtools
internal target {com.volantis.build}:define-volantis-mock-task
dependency:com.volantis.build:volantis-mock-task: [com.volantis.build:volantis-mock-task:inline: [/srv/git/Synergetics/built/ivy/cache/com.volantis/testtools.mock-generator/newbuild/jar/com.volantis.testtools.mock-generator-newbuild.jar, /srv/git/Synergetics/built/ivy/cache/com.volantis/testtools.mock-generator/newbuild/api/com.volantis.testtools.mock-generator-newbuild.jar, /srv/git/Synergetics/built/ivy/cache/org.apache/ant/1.7.0/jar/org.apache.ant-1.7.0.jar, /srv/git/Synergetics/built/ivy/cache/org.codehaus/plexus.utils/1.0.4/jar/org.codehaus.plexus.utils-1.0.4.jar, /srv/git/Synergetics/built/ivy/cache/com.thoughtworks/qdox/1.6.3/jar/com.thoughtworks.qdox-1.6.3.jar, /srv/git/Synergetics/built/ivy/cache/org.apache/ant.launcher/1.7.0/jar/org.apache.ant.launcher-1.7.0.jar]]
/srv/git/Synergetics/built/ivy/cache/com.volantis/testtools.mock-generator/newbuild/jar/com.volantis.testtools.mock-generator-newbuild.jar
/srv/git/Synergetics/built/ivy/cache/com.volantis/testtools.mock-generator/newbuild/api/com.volantis.testtools.mock-generator-newbuild.jar
/srv/git/Synergetics/built/ivy/cache/org.apache/ant/1.7.0/jar/org.apache.ant-1.7.0.jar
/srv/git/Synergetics/built/ivy/cache/org.codehaus/plexus.utils/1.0.4/jar/org.codehaus.plexus.utils-1.0.4.jar
/srv/git/Synergetics/built/ivy/cache/com.thoughtworks/qdox/1.6.3/jar/com.thoughtworks.qdox-1.6.3.jar
/srv/git/Synergetics/built/ivy/cache/org.apache/ant.launcher/1.7.0/jar/org.apache.ant.launcher-1.7.0.jar
[volantis-mock-task] Code took 0ms
Determining class path for support of testtools
Compiling test support for testtools
external target {com.volantis.build}:prepare-support
Switching to module: module {com.volantis.build}:cornerstone
Generate source code for test support for cornerstone
internal target {com.volantis.build}:define-volantis-mock-task
dependency:com.volantis.build:volantis-mock-task: [com.volantis.build:volantis-mock-task:inline: [/srv/git/Synergetics/built/ivy/cache/com.volantis/testtools.mock-generator/newbuild/jar/com.volantis.testtools.mock-generator-newbuild.jar, /srv/git/Synergetics/built/ivy/cache/com.volantis/testtools.mock-generator/newbuild/api/com.volantis.testtools.mock-generator-newbuild.jar, /srv/git/Synergetics/built/ivy/cache/org.apache/ant/1.7.0/jar/org.apache.ant-1.7.0.jar, /srv/git/Synergetics/built/ivy/cache/org.codehaus/plexus.utils/1.0.4/jar/org.codehaus.plexus.utils-1.0.4.jar, /srv/git/Synergetics/built/ivy/cache/com.thoughtworks/qdox/1.6.3/jar/com.thoughtworks.qdox-1.6.3.jar, /srv/git/Synergetics/built/ivy/cache/org.apache/ant.launcher/1.7.0/jar/org.apache.ant.launcher-1.7.0.jar]]
/srv/git/Synergetics/built/ivy/cache/com.volantis/testtools.mock-generator/newbuild/jar/com.volantis.testtools.mock-generator-newbuild.jar
/srv/git/Synergetics/built/ivy/cache/com.volantis/testtools.mock-generator/newbuild/api/com.volantis.testtools.mock-generator-newbuild.jar
/srv/git/Synergetics/built/ivy/cache/org.apache/ant/1.7.0/jar/org.apache.ant-1.7.0.jar
/srv/git/Synergetics/built/ivy/cache/org.codehaus/plexus.utils/1.0.4/jar/org.codehaus.plexus.utils-1.0.4.jar
/srv/git/Synergetics/built/ivy/cache/com.thoughtworks/qdox/1.6.3/jar/com.thoughtworks.qdox-1.6.3.jar
/srv/git/Synergetics/built/ivy/cache/org.apache/ant.launcher/1.7.0/jar/org.apache.ant.launcher-1.7.0.jar
[volantis-mock-task]   Generating Mocks
[volantis-mock-task]     Nothing to do
[volantis-mock-task] Code took 3ms
Determining class path for support of cornerstone
Compiling test support for cornerstone
Making directory /srv/git/Synergetics/built/subsystems/cornerstone/output/test/support/classes
Compile class path
debug: /srv/git/Synergetics/built/ivy/cache/com.volantis/testtools.mock/newbuild/api/com.volantis.testtools.mock-newbuild.jar
debug: /srv/git/Synergetics/built/subsystems/localization/output/test/support/classes
debug: /srv/git/Synergetics/built/ivy/cache/com.volantis/testtools.mock/newbuild/support/com.volantis.testtools.mock-newbuild.jar
debug: /srv/git/Synergetics/built/ivy/cache/org.junit/api/3.8.2/jar/org.junit.api-3.8.2.jar
debug: /srv/git/Synergetics/built/ivy/cache/net.sourceforge/junit-addons/1.4/jar/net.sourceforge.junit-addons-1.4.jar
debug: /srv/git/Synergetics/built/ivy/cache/com.volantis.apache/xerces/2.6.2/jar/com.volantis.apache.xerces-2.6.2.jar
debug: /srv/git/Synergetics/built/subsystems/cornerstone/output/main/impl/classes
debug: /srv/git/Synergetics/built/subsystems/localization/output/main/api/classes
debug: /srv/git/Synergetics/built/ivy/cache/org.jibx/api/1.1.5/jar/org.jibx.api-1.1.5.jar
debug: /srv/git/Synergetics/built/ivy/cache/com.volantis.apache/xalan/2.6.0/jar/com.volantis.apache.xalan-2.6.0.jar
debug: /srv/git/Synergetics/built/subsystems/cornerstone/output/main/api/classes
external target {com.volantis.build}:prepare-support
Switching to module: module {com.volantis.build}:mock
Determining class path for impl of mock
Compiling implementation for mock
external target {com.volantis.build}:prepare-impl
Generate source code for test support for mock
internal target {com.volantis.build}:define-volantis-mock-task
dependency:com.volantis.build:volantis-mock-task: [com.volantis.build:volantis-mock-task:inline: [/srv/git/Synergetics/built/ivy/cache/com.volantis/testtools.mock-generator/newbuild/jar/com.volantis.testtools.mock-generator-newbuild.jar, /srv/git/Synergetics/built/ivy/cache/com.volantis/testtools.mock-generator/newbuild/api/com.volantis.testtools.mock-generator-newbuild.jar, /srv/git/Synergetics/built/ivy/cache/org.apache/ant/1.7.0/jar/org.apache.ant-1.7.0.jar, /srv/git/Synergetics/built/ivy/cache/org.codehaus/plexus.utils/1.0.4/jar/org.codehaus.plexus.utils-1.0.4.jar, /srv/git/Synergetics/built/ivy/cache/com.thoughtworks/qdox/1.6.3/jar/com.thoughtworks.qdox-1.6.3.jar, /srv/git/Synergetics/built/ivy/cache/org.apache/ant.launcher/1.7.0/jar/org.apache.ant.launcher-1.7.0.jar]]
/srv/git/Synergetics/built/ivy/cache/com.volantis/testtools.mock-generator/newbuild/jar/com.volantis.testtools.mock-generator-newbuild.jar
/srv/git/Synergetics/built/ivy/cache/com.volantis/testtools.mock-generator/newbuild/api/com.volantis.testtools.mock-generator-newbuild.jar
/srv/git/Synergetics/built/ivy/cache/org.apache/ant/1.7.0/jar/org.apache.ant-1.7.0.jar
/srv/git/Synergetics/built/ivy/cache/org.codehaus/plexus.utils/1.0.4/jar/org.codehaus.plexus.utils-1.0.4.jar
/srv/git/Synergetics/built/ivy/cache/com.thoughtworks/qdox/1.6.3/jar/com.thoughtworks.qdox-1.6.3.jar
/srv/git/Synergetics/built/ivy/cache/org.apache/ant.launcher/1.7.0/jar/org.apache.ant.launcher-1.7.0.jar
[volantis-mock-task]   Generating Mock Library (com.volantis.synergetics.testtools.mock.libraries.com.volantis.synergetics.log.LogLibrary)
[volantis-mock-task]     Nothing to do
[volantis-mock-task]   Generating Mock Library (com.volantis.synergetics.testtools.mock.libraries.javax.naming.NamingLibrary)
[volantis-mock-task]     Nothing to do
[volantis-mock-task]   Generating Mock Library (com.volantis.synergetics.testtools.mock.libraries.javax.servlet.ServletLibrary)
[volantis-mock-task]     Nothing to do
[volantis-mock-task]   Generating Mock Library (com.volantis.synergetics.testtools.mock.libraries.org.osgi.framework.OSGiFrameworkLibrary)
[volantis-mock-task]     Nothing to do
[volantis-mock-task]   Generating Mock Library (com.volantis.synergetics.testtools.mock.libraries.org.osgi.service.cm.OSGiConfigurationLibrary)
[volantis-mock-task]     Nothing to do
[volantis-mock-task]   Generating Mock Library (com.volantis.synergetics.testtools.mock.libraries.org.osgi.service.component.OSGiServiceComponentLibrary)
[volantis-mock-task]     Nothing to do
[volantis-mock-task]   Generating Mock Library (com.volantis.synergetics.testtools.mock.libraries.org.osgi.service.http.OSGiHttpServiceLibrary)
[volantis-mock-task]     Nothing to do
[volantis-mock-task]   Generating Mock Library (com.volantis.synergetics.testtools.mock.libraries.org.osgi.service.log.OSGiLogServiceLibrary)
[volantis-mock-task]     Nothing to do
[volantis-mock-task] Code took 624ms
Determining class path for support of mock
Compiling test support for mock
Making directory /srv/git/Synergetics/built/subsystems/mock/output/test/support/classes
Compile class path
debug: /srv/git/Synergetics/built/ivy/cache/com.volantis/testtools.mock/newbuild/api/com.volantis.testtools.mock-newbuild.jar
debug: /srv/git/Synergetics/built/subsystems/localization/output/test/support/classes
debug: /srv/git/Synergetics/built/ivy/cache/com.volantis/testtools.mock/newbuild/support/com.volantis.testtools.mock-newbuild.jar
debug: /srv/git/Synergetics/built/ivy/cache/org.junit/api/3.8.2/jar/org.junit.api-3.8.2.jar
debug: /srv/git/Synergetics/built/ivy/cache/net.sourceforge/junit-addons/1.4/jar/net.sourceforge.junit-addons-1.4.jar
debug: /srv/git/Synergetics/built/ivy/cache/org.eclipse.equinox/osgi/3.3.1.1/jar/org.eclipse.equinox.osgi-3.3.1.1.jar
debug: /srv/git/Synergetics/built/ivy/cache/org.eclipse.equinox/osgi-services/3.1.200/jar/org.eclipse.equinox.osgi-services-3.1.200.jar
debug: /srv/git/Synergetics/built/subsystems/mock/output/main/impl/classes
debug: /srv/git/Synergetics/built/subsystems/localization/output/main/api/classes
debug: /srv/git/Synergetics/built/ivy/cache/javax.servlet/api/2.4/jar/javax.servlet.api-2.4.jar
debug: /srv/git/Synergetics/built/subsystems/mock/output/main/api/classes
external target {com.volantis.build}:prepare-support
Switching to module: module {com.volantis.build}:reporting
Generate source code for test support for reporting
internal target {com.volantis.build}:define-volantis-mock-task
dependency:com.volantis.build:volantis-mock-task: [com.volantis.build:volantis-mock-task:inline: [/srv/git/Synergetics/built/ivy/cache/com.volantis/testtools.mock-generator/newbuild/jar/com.volantis.testtools.mock-generator-newbuild.jar, /srv/git/Synergetics/built/ivy/cache/com.volantis/testtools.mock-generator/newbuild/api/com.volantis.testtools.mock-generator-newbuild.jar, /srv/git/Synergetics/built/ivy/cache/org.apache/ant/1.7.0/jar/org.apache.ant-1.7.0.jar, /srv/git/Synergetics/built/ivy/cache/org.codehaus/plexus.utils/1.0.4/jar/org.codehaus.plexus.utils-1.0.4.jar, /srv/git/Synergetics/built/ivy/cache/com.thoughtworks/qdox/1.6.3/jar/com.thoughtworks.qdox-1.6.3.jar, /srv/git/Synergetics/built/ivy/cache/org.apache/ant.launcher/1.7.0/jar/org.apache.ant.launcher-1.7.0.jar]]
/srv/git/Synergetics/built/ivy/cache/com.volantis/testtools.mock-generator/newbuild/jar/com.volantis.testtools.mock-generator-newbuild.jar
/srv/git/Synergetics/built/ivy/cache/com.volantis/testtools.mock-generator/newbuild/api/com.volantis.testtools.mock-generator-newbuild.jar
/srv/git/Synergetics/built/ivy/cache/org.apache/ant/1.7.0/jar/org.apache.ant-1.7.0.jar
/srv/git/Synergetics/built/ivy/cache/org.codehaus/plexus.utils/1.0.4/jar/org.codehaus.plexus.utils-1.0.4.jar
/srv/git/Synergetics/built/ivy/cache/com.thoughtworks/qdox/1.6.3/jar/com.thoughtworks.qdox-1.6.3.jar
/srv/git/Synergetics/built/ivy/cache/org.apache/ant.launcher/1.7.0/jar/org.apache.ant.launcher-1.7.0.jar
[volantis-mock-task] Code took 0ms
Determining class path for support of reporting
Compiling test support for reporting
external target {com.volantis.build}:prepare-support
Generate source code for test tests for reporting
[volantis-mock-task] Code took 0ms
Determining class path for tests of reporting
Compiling test tests for reporting
Making directory /srv/git/Synergetics/built/subsystems/reporting/output/test/tests/classes
Compile class path
debug: /srv/git/Synergetics/built/ivy/cache/com.volantis/testtools.mock/newbuild/api/com.volantis.testtools.mock-newbuild.jar
debug: /srv/git/Synergetics/built/subsystems/mock/output/main/api/classes
debug: /srv/git/Synergetics/built/subsystems/mock/output/test/support/classes
debug: /srv/git/Synergetics/built/subsystems/testtools/output/main/api/classes
debug: /srv/git/Synergetics/built/subsystems/testtools/output/test/support/classes
debug: /srv/git/Synergetics/built/ivy/cache/com.meterware/httpunit/1.4.5/jar/com.meterware.httpunit-1.4.5.jar
debug: /srv/git/Synergetics/built/ivy/cache/org.custommonkey/xmlunit/1.0/jar/org.custommonkey.xmlunit-1.0.jar
debug: /srv/git/Synergetics/built/ivy/cache/org.apache/log4j/1.2.8/jar/org.apache.log4j-1.2.8.jar
debug: /srv/git/Synergetics/built/ivy/cache/javax.servlet/api/2.4/jar/javax.servlet.api-2.4.jar
debug: /srv/git/Synergetics/built/ivy/cache/com.volantis.jdom/api/0.9/jar/com.volantis.jdom.api-0.9.jar
debug: /srv/git/Synergetics/built/subsystems/cornerstone/output/test/support/classes
debug: /srv/git/Synergetics/built/subsystems/localization/output/test/support/classes
debug: /srv/git/Synergetics/built/subsystems/runtime/output/test/support/classes
debug: /srv/git/Synergetics/built/ivy/cache/com.volantis/testtools.mock/newbuild/support/com.volantis.testtools.mock-newbuild.jar
debug: /srv/git/Synergetics/built/ivy/cache/org.junit/api/3.8.2/jar/org.junit.api-3.8.2.jar
debug: /srv/git/Synergetics/built/ivy/cache/net.sourceforge/junit-addons/1.4/jar/net.sourceforge.junit-addons-1.4.jar
debug: /srv/git/Synergetics/built/ivy/cache/org.eclipse.equinox/osgi/3.3.1.1/jar/org.eclipse.equinox.osgi-3.3.1.1.jar
debug: /srv/git/Synergetics/built/ivy/cache/org.eclipse.equinox/osgi-services/3.1.200/jar/org.eclipse.equinox.osgi-services-3.1.200.jar
debug: /srv/git/Synergetics/built/subsystems/reporting/output/test/support/classes
debug: /srv/git/Synergetics/built/subsystems/reporting/output/main/impl/jibx-classes
debug: /srv/git/Synergetics/built/subsystems/cornerstone/output/main/api/classes
debug: /srv/git/Synergetics/built/subsystems/localization/output/main/api/classes
debug: /srv/git/Synergetics/built/subsystems/runtime/output/main/api/classes
debug: /srv/git/Synergetics/built/ivy/cache/org.apache/commons.dbcp/1.2.1/jar/org.apache.commons.dbcp-1.2.1.jar
debug: /srv/git/Synergetics/built/ivy/cache/org.jibx/api/1.1.5/jar/org.jibx.api-1.1.5.jar
debug: /srv/git/Synergetics/built/subsystems/reporting/output/main/api/jibx-classes
internal target {com.volantis.build}:jibx-tests-class-files
     [copy] Copying 19 files to /srv/git/Synergetics/built/subsystems/reporting/output/test/tests/jibx-classes
[jibx-bind] Using the following paths:
[jibx-bind]   /srv/git/Synergetics/built/subsystems/reporting/output/test/tests/jibx-classes
[jibx-bind]   /srv/git/Synergetics/built/ivy/cache/com.volantis/testtools.mock/newbuild/api/com.volantis.testtools.mock-newbuild.jar
[jibx-bind]   /srv/git/Synergetics/built/subsystems/mock/output/main/api/classes
[jibx-bind]   /srv/git/Synergetics/built/subsystems/mock/output/test/support/classes
[jibx-bind]   /srv/git/Synergetics/built/subsystems/testtools/output/main/api/classes
[jibx-bind]   /srv/git/Synergetics/built/subsystems/testtools/output/test/support/classes
[jibx-bind]   /srv/git/Synergetics/built/ivy/cache/com.meterware/httpunit/1.4.5/jar/com.meterware.httpunit-1.4.5.jar
[jibx-bind]   /srv/git/Synergetics/built/ivy/cache/org.custommonkey/xmlunit/1.0/jar/org.custommonkey.xmlunit-1.0.jar
[jibx-bind]   /srv/git/Synergetics/built/ivy/cache/org.apache/log4j/1.2.8/jar/org.apache.log4j-1.2.8.jar
[jibx-bind]   /srv/git/Synergetics/built/ivy/cache/javax.servlet/api/2.4/jar/javax.servlet.api-2.4.jar
[jibx-bind]   /srv/git/Synergetics/built/ivy/cache/com.volantis.jdom/api/0.9/jar/com.volantis.jdom.api-0.9.jar
[jibx-bind]   /srv/git/Synergetics/built/subsystems/cornerstone/output/test/support/classes
[jibx-bind]   /srv/git/Synergetics/built/subsystems/localization/output/test/support/classes
[jibx-bind]   /srv/git/Synergetics/built/subsystems/runtime/output/test/support/classes
[jibx-bind]   /srv/git/Synergetics/built/ivy/cache/com.volantis/testtools.mock/newbuild/support/com.volantis.testtools.mock-newbuild.jar
[jibx-bind]   /srv/git/Synergetics/built/ivy/cache/org.junit/api/3.8.2/jar/org.junit.api-3.8.2.jar
[jibx-bind]   /srv/git/Synergetics/built/ivy/cache/net.sourceforge/junit-addons/1.4/jar/net.sourceforge.junit-addons-1.4.jar
[jibx-bind]   /srv/git/Synergetics/built/ivy/cache/org.eclipse.equinox/osgi/3.3.1.1/jar/org.eclipse.equinox.osgi-3.3.1.1.jar
[jibx-bind]   /srv/git/Synergetics/built/ivy/cache/org.eclipse.equinox/osgi-services/3.1.200/jar/org.eclipse.equinox.osgi-services-3.1.200.jar
[jibx-bind]   /srv/git/Synergetics/built/subsystems/reporting/output/test/support/classes
[jibx-bind]   /srv/git/Synergetics/built/subsystems/reporting/output/main/impl/jibx-classes
[jibx-bind]   /srv/git/Synergetics/built/subsystems/cornerstone/output/main/api/classes
[jibx-bind]   /srv/git/Synergetics/built/subsystems/localization/output/main/api/classes
[jibx-bind]   /srv/git/Synergetics/built/subsystems/runtime/output/main/api/classes
[jibx-bind]   /srv/git/Synergetics/built/ivy/cache/org.apache/commons.dbcp/1.2.1/jar/org.apache.commons.dbcp-1.2.1.jar
[jibx-bind]   /srv/git/Synergetics/built/ivy/cache/org.jibx/api/1.1.5/jar/org.jibx.api-1.1.5.jar
[jibx-bind]   /srv/git/Synergetics/built/subsystems/reporting/output/main/api/jibx-classes
[jibx-bind] Using the following binding paths:
[jibx-bind]   /srv/git/Synergetics/subsystems/reporting/test/jibx/anonymous-marshaller-bindings.xml
[jibx-bind]   /srv/git/Synergetics/subsystems/reporting/test/jibx/default-marshaller-bindings.xml
Running binding compiler version jibx_1_1_5
binding anonymous_marshaller_bindings:
 context (mp#=1) (cv#=0) (fm#=0)
  mapping class com.volantis.synergetics.reporting.marshaller.TestAnonymousMarshallerElement to element test-element-anon (#0)
   context (cv#=0) (fm#=0)
   element wrapper test-element-anon
    object binding for com.volantis.synergetics.reporting.marshaller.TestAnonymousMarshallerElement create class com.volantis.synergetics.reporting.marshaller.TestAnonymousMarshallerElement
     structure ordered
      direct property using property datasource (com.volantis.synergetics.reporting.config.DatasourceConfiguration)
       direct marshaller/unmarshaller reference
binding default_marshaller_bindings:
 context (mp#=1) (cv#=0) (fm#=0)
  mapping class com.volantis.synergetics.reporting.marshaller.TestDefaultMarshallerElement to element test-element-default (#1)
   context (cv#=0) (fm#=0)
   element wrapper test-element-default
    object binding for com.volantis.synergetics.reporting.marshaller.TestDefaultMarshallerElement create class com.volantis.synergetics.reporting.marshaller.TestDefaultMarshallerElement
     structure ordered
      direct property using property datasource (com.volantis.synergetics.reporting.config.DatasourceConfiguration)
       direct marshaller/unmarshaller reference
Generating code for mapping com.volantis.synergetics.reporting.marshaller.TestAnonymousMarshallerElement
After linking view of binding anonymous_marshaller_bindings:
binding anonymous_marshaller_bindings:
 context (mp#=1) (cv#=0) (fm#=0)
  mapping class com.volantis.synergetics.reporting.marshaller.TestAnonymousMarshallerElement to element test-element-anon (#0)
   context (cv#=0) (fm#=0)
   element wrapper test-element-anon
    object binding for com.volantis.synergetics.reporting.marshaller.TestAnonymousMarshallerElement create class com.volantis.synergetics.reporting.marshaller.TestAnonymousMarshallerElement
     structure ordered
      direct property using property datasource (com.volantis.synergetics.reporting.config.DatasourceConfiguration)
       direct marshaller/unmarshaller reference
Generating code for mapping com.volantis.synergetics.reporting.marshaller.TestDefaultMarshallerElement
After linking view of binding default_marshaller_bindings:
binding default_marshaller_bindings:
 context (mp#=1) (cv#=0) (fm#=0)
  mapping class com.volantis.synergetics.reporting.marshaller.TestDefaultMarshallerElement to element test-element-default (#1)
   context (cv#=0) (fm#=0)
   element wrapper test-element-default
    object binding for com.volantis.synergetics.reporting.marshaller.TestDefaultMarshallerElement create class com.volantis.synergetics.reporting.marshaller.TestDefaultMarshallerElement
     structure ordered
      direct property using property datasource (com.volantis.synergetics.reporting.config.DatasourceConfiguration)
       direct marshaller/unmarshaller reference

Wrote 52 files

 com.volantis.synergetics.reporting.marshaller.TestAnonymousMarshallerElement output file size is 3121 bytes
 Found 8 methods:
  void marshal
  void unmarshal
  int JiBX_getIndex
  com.volantis.synergetics.reporting.config.DatasourceConfiguration getDatasource
  void setDatasource
  com.volantis.synergetics.reporting.marshaller.TestAnonymousMarshallerElement JiBX_anonymous_marshaller_bindings_newinstance_1_0
  com.volantis.synergetics.reporting.marshaller.TestAnonymousMarshallerElement JiBX_anonymous_marshaller_bindings_unmarshal_1_0
  void JiBX_anonymous_marshaller_bindings_marshal_1_0

 com.volantis.synergetics.reporting.marshaller.TestDefaultMarshallerElement output file size is 3103 bytes
 Found 8 methods:
  void marshal
  void unmarshal
  int JiBX_getIndex
  com.volantis.synergetics.reporting.config.DatasourceConfiguration getDatasource
  void setDatasource
  com.volantis.synergetics.reporting.marshaller.TestDefaultMarshallerElement JiBX_default_marshaller_bindings_newinstance_1_0
  com.volantis.synergetics.reporting.marshaller.TestDefaultMarshallerElement JiBX_default_marshaller_bindings_unmarshal_1_0
  void JiBX_default_marshaller_bindings_marshal_1_0

 com.volantis.synergetics.reporting.marshaller.JiBX_anonymous_marshaller_bindingsTestAnonymousMarshallerElement_access output file size is 2169 bytes
 Found 4 methods:
  void marshal
  java.lang.Object unmarshal
  boolean isPresent
  boolean isExtension

 com.volantis.synergetics.reporting.marshaller.JiBX_anonymous_marshaller_bindingsTestAnonymousMarshallerElement_access output file size is 2169 bytes
 Found 4 methods:
  void marshal
  java.lang.Object unmarshal
  boolean isPresent
  boolean isExtension

 com.volantis.synergetics.reporting.marshaller.TestAnonymousMarshallerElement output file size is 3121 bytes
 Found 8 methods:
  void marshal
  void unmarshal
  int JiBX_getIndex
  com.volantis.synergetics.reporting.config.DatasourceConfiguration getDatasource
  void setDatasource
  com.volantis.synergetics.reporting.marshaller.TestAnonymousMarshallerElement JiBX_anonymous_marshaller_bindings_newinstance_1_0
  com.volantis.synergetics.reporting.marshaller.TestAnonymousMarshallerElement JiBX_anonymous_marshaller_bindings_unmarshal_1_0
  void JiBX_anonymous_marshaller_bindings_marshal_1_0

 com.volantis.synergetics.reporting.marshaller.TestAnonymousMarshallerElement output file size is 3121 bytes
 Found 8 methods:
  void marshal
  void unmarshal
  int JiBX_getIndex
  com.volantis.synergetics.reporting.config.DatasourceConfiguration getDatasource
  void setDatasource
  com.volantis.synergetics.reporting.marshaller.TestAnonymousMarshallerElement JiBX_anonymous_marshaller_bindings_newinstance_1_0
  com.volantis.synergetics.reporting.marshaller.TestAnonymousMarshallerElement JiBX_anonymous_marshaller_bindings_unmarshal_1_0
  void JiBX_anonymous_marshaller_bindings_marshal_1_0

 com.volantis.synergetics.reporting.marshaller.JiBX_anonymous_marshaller_bindingsTestAnonymousMarshallerElement_access output file size is 2169 bytes
 Found 4 methods:
  void marshal
  java.lang.Object unmarshal
  boolean isPresent
  boolean isExtension

 com.volantis.synergetics.reporting.marshaller.TestAnonymousMarshallerElement output file size is 3121 bytes
 Found 8 methods:
  void marshal
  void unmarshal
  int JiBX_getIndex
  com.volantis.synergetics.reporting.config.DatasourceConfiguration getDatasource
  void setDatasource
  com.volantis.synergetics.reporting.marshaller.TestAnonymousMarshallerElement JiBX_anonymous_marshaller_bindings_newinstance_1_0
  com.volantis.synergetics.reporting.marshaller.TestAnonymousMarshallerElement JiBX_anonymous_marshaller_bindings_unmarshal_1_0
  void JiBX_anonymous_marshaller_bindings_marshal_1_0

 com.volantis.synergetics.reporting.marshaller.TestAnonymousMarshallerElement output file size is 3121 bytes
 Found 8 methods:
  void marshal
  void unmarshal
  int JiBX_getIndex
  com.volantis.synergetics.reporting.config.DatasourceConfiguration getDatasource
  void setDatasource
  com.volantis.synergetics.reporting.marshaller.TestAnonymousMarshallerElement JiBX_anonymous_marshaller_bindings_newinstance_1_0
  com.volantis.synergetics.reporting.marshaller.TestAnonymousMarshallerElement JiBX_anonymous_marshaller_bindings_unmarshal_1_0
  void JiBX_anonymous_marshaller_bindings_marshal_1_0

 com.volantis.synergetics.reporting.marshaller.JiBX_anonymous_marshaller_bindingsTestAnonymousMarshallerElement_access output file size is 2169 bytes
 Found 4 methods:
  void marshal
  java.lang.Object unmarshal
  boolean isPresent
  boolean isExtension

 com.volantis.synergetics.reporting.marshaller.JiBX_anonymous_marshaller_bindingsTestAnonymousMarshallerElement_access output file size is 2169 bytes
 Found 4 methods:
  void marshal
  java.lang.Object unmarshal
  boolean isPresent
  boolean isExtension

 com.volantis.synergetics.reporting.marshaller.TestAnonymousMarshallerElement output file size is 3121 bytes
 Found 8 methods:
  void marshal
  void unmarshal
  int JiBX_getIndex
  com.volantis.synergetics.reporting.config.DatasourceConfiguration getDatasource
  void setDatasource
  com.volantis.synergetics.reporting.marshaller.TestAnonymousMarshallerElement JiBX_anonymous_marshaller_bindings_newinstance_1_0
  com.volantis.synergetics.reporting.marshaller.TestAnonymousMarshallerElement JiBX_anonymous_marshaller_bindings_unmarshal_1_0
  void JiBX_anonymous_marshaller_bindings_marshal_1_0

 com.volantis.synergetics.reporting.marshaller.TestAnonymousMarshallerElement output file size is 3121 bytes
 Found 8 methods:
  void marshal
  void unmarshal
  int JiBX_getIndex
  com.volantis.synergetics.reporting.config.DatasourceConfiguration getDatasource
  void setDatasource
  com.volantis.synergetics.reporting.marshaller.TestAnonymousMarshallerElement JiBX_anonymous_marshaller_bindings_newinstance_1_0
  com.volantis.synergetics.reporting.marshaller.TestAnonymousMarshallerElement JiBX_anonymous_marshaller_bindings_unmarshal_1_0
  void JiBX_anonymous_marshaller_bindings_marshal_1_0

 com.volantis.synergetics.reporting.marshaller.JiBX_anonymous_marshaller_bindingsTestAnonymousMarshallerElement_access output file size is 2169 bytes
 Found 4 methods:
  void marshal
  java.lang.Object unmarshal
  boolean isPresent
  boolean isExtension

 com.volantis.synergetics.reporting.marshaller.JiBX_anonymous_marshaller_bindingsFactory output file size is 2860 bytes
 Found 11 methods:
  org.jibx.runtime.IBindingFactory getInstance
  [Ljava.lang.String; getNamespaces
  int getCompilerVersion
  org.jibx.runtime.IMarshallingContext createMarshallingContext
  org.jibx.runtime.IUnmarshallingContext createUnmarshallingContext
  java.lang.String getCompilerDistribution
  [Ljava.lang.String; getPrefixes
  [Ljava.lang.String; getMappedClasses
  [Ljava.lang.String; getElementNamespaces
  [Ljava.lang.String; getElementNames
  int getTypeIndex

 com.volantis.synergetics.reporting.marshaller.JiBX_anonymous_marshaller_bindingsFactory output file size is 2860 bytes
 Found 11 methods:
  org.jibx.runtime.IBindingFactory getInstance
  [Ljava.lang.String; getNamespaces
  int getCompilerVersion
  org.jibx.runtime.IMarshallingContext createMarshallingContext
  org.jibx.runtime.IUnmarshallingContext createUnmarshallingContext
  java.lang.String getCompilerDistribution
  [Ljava.lang.String; getPrefixes
  [Ljava.lang.String; getMappedClasses
  [Ljava.lang.String; getElementNamespaces
  [Ljava.lang.String; getElementNames
  int getTypeIndex

 com.volantis.synergetics.reporting.marshaller.JiBX_anonymous_marshaller_bindingsFactory output file size is 2860 bytes
 Found 11 methods:
  org.jibx.runtime.IBindingFactory getInstance
  [Ljava.lang.String; getNamespaces
  int getCompilerVersion
  org.jibx.runtime.IMarshallingContext createMarshallingContext
  org.jibx.runtime.IUnmarshallingContext createUnmarshallingContext
  java.lang.String getCompilerDistribution
  [Ljava.lang.String; getPrefixes
  [Ljava.lang.String; getMappedClasses
  [Ljava.lang.String; getElementNamespaces
  [Ljava.lang.String; getElementNames
  int getTypeIndex

 com.volantis.synergetics.reporting.marshaller.JiBX_anonymous_marshaller_bindingsFactory output file size is 2860 bytes
 Found 11 methods:
  org.jibx.runtime.IBindingFactory getInstance
  [Ljava.lang.String; getNamespaces
  int getCompilerVersion
  org.jibx.runtime.IMarshallingContext createMarshallingContext
  org.jibx.runtime.IUnmarshallingContext createUnmarshallingContext
  java.lang.String getCompilerDistribution
  [Ljava.lang.String; getPrefixes
  [Ljava.lang.String; getMappedClasses
  [Ljava.lang.String; getElementNamespaces
  [Ljava.lang.String; getElementNames
  int getTypeIndex

 com.volantis.synergetics.reporting.marshaller.JiBX_anonymous_marshaller_bindingsFactory output file size is 2860 bytes
 Found 11 methods:
  org.jibx.runtime.IBindingFactory getInstance
  [Ljava.lang.String; getNamespaces
  int getCompilerVersion
  org.jibx.runtime.IMarshallingContext createMarshallingContext
  org.jibx.runtime.IUnmarshallingContext createUnmarshallingContext
  java.lang.String getCompilerDistribution
  [Ljava.lang.String; getPrefixes
  [Ljava.lang.String; getMappedClasses
  [Ljava.lang.String; getElementNamespaces
  [Ljava.lang.String; getElementNames
  int getTypeIndex

 com.volantis.synergetics.reporting.marshaller.JiBX_anonymous_marshaller_bindingsFactory output file size is 2860 bytes
 Found 11 methods:
  org.jibx.runtime.IBindingFactory getInstance
  [Ljava.lang.String; getNamespaces
  int getCompilerVersion
  org.jibx.runtime.IMarshallingContext createMarshallingContext
  org.jibx.runtime.IUnmarshallingContext createUnmarshallingContext
  java.lang.String getCompilerDistribution
  [Ljava.lang.String; getPrefixes
  [Ljava.lang.String; getMappedClasses
  [Ljava.lang.String; getElementNamespaces
  [Ljava.lang.String; getElementNames
  int getTypeIndex

 com.volantis.synergetics.reporting.marshaller.JiBX_anonymous_marshaller_bindingsFactory output file size is 2860 bytes
 Found 11 methods:
  org.jibx.runtime.IBindingFactory getInstance
  [Ljava.lang.String; getNamespaces
  int getCompilerVersion
  org.jibx.runtime.IMarshallingContext createMarshallingContext
  org.jibx.runtime.IUnmarshallingContext createUnmarshallingContext
  java.lang.String getCompilerDistribution
  [Ljava.lang.String; getPrefixes
  [Ljava.lang.String; getMappedClasses
  [Ljava.lang.String; getElementNamespaces
  [Ljava.lang.String; getElementNames
  int getTypeIndex

 com.volantis.synergetics.reporting.marshaller.JiBX_anonymous_marshaller_bindingsFactory output file size is 2860 bytes
 Found 11 methods:
  org.jibx.runtime.IBindingFactory getInstance
  [Ljava.lang.String; getNamespaces
  int getCompilerVersion
  org.jibx.runtime.IMarshallingContext createMarshallingContext
  org.jibx.runtime.IUnmarshallingContext createUnmarshallingContext
  java.lang.String getCompilerDistribution
  [Ljava.lang.String; getPrefixes
  [Ljava.lang.String; getMappedClasses
  [Ljava.lang.String; getElementNamespaces
  [Ljava.lang.String; getElementNames
  int getTypeIndex

 com.volantis.synergetics.reporting.marshaller.JiBX_anonymous_marshaller_bindingsFactory output file size is 2860 bytes
 Found 11 methods:
  org.jibx.runtime.IBindingFactory getInstance
  [Ljava.lang.String; getNamespaces
  int getCompilerVersion
  org.jibx.runtime.IMarshallingContext createMarshallingContext
  org.jibx.runtime.IUnmarshallingContext createUnmarshallingContext
  java.lang.String getCompilerDistribution
  [Ljava.lang.String; getPrefixes
  [Ljava.lang.String; getMappedClasses
  [Ljava.lang.String; getElementNamespaces
  [Ljava.lang.String; getElementNames
  int getTypeIndex

 com.volantis.synergetics.reporting.marshaller.JiBX_anonymous_marshaller_bindingsFactory output file size is 2860 bytes
 Found 11 methods:
  org.jibx.runtime.IBindingFactory getInstance
  [Ljava.lang.String; getNamespaces
  int getCompilerVersion
  org.jibx.runtime.IMarshallingContext createMarshallingContext
  org.jibx.runtime.IUnmarshallingContext createUnmarshallingContext
  java.lang.String getCompilerDistribution
  [Ljava.lang.String; getPrefixes
  [Ljava.lang.String; getMappedClasses
  [Ljava.lang.String; getElementNamespaces
  [Ljava.lang.String; getElementNames
  int getTypeIndex

 com.volantis.synergetics.reporting.marshaller.JiBX_anonymous_marshaller_bindingsFactory output file size is 2860 bytes
 Found 11 methods:
  org.jibx.runtime.IBindingFactory getInstance
  [Ljava.lang.String; getNamespaces
  int getCompilerVersion
  org.jibx.runtime.IMarshallingContext createMarshallingContext
  org.jibx.runtime.IUnmarshallingContext createUnmarshallingContext
  java.lang.String getCompilerDistribution
  [Ljava.lang.String; getPrefixes
  [Ljava.lang.String; getMappedClasses
  [Ljava.lang.String; getElementNamespaces
  [Ljava.lang.String; getElementNames
  int getTypeIndex

 com.volantis.synergetics.reporting.marshaller.JiBX_anonymous_marshaller_bindingsFactory output file size is 2860 bytes
 Found 11 methods:
  org.jibx.runtime.IBindingFactory getInstance
  [Ljava.lang.String; getNamespaces
  int getCompilerVersion
  org.jibx.runtime.IMarshallingContext createMarshallingContext
  org.jibx.runtime.IUnmarshallingContext createUnmarshallingContext
  java.lang.String getCompilerDistribution
  [Ljava.lang.String; getPrefixes
  [Ljava.lang.String; getMappedClasses
  [Ljava.lang.String; getElementNamespaces
  [Ljava.lang.String; getElementNames
  int getTypeIndex

 com.volantis.synergetics.reporting.marshaller.JiBX_anonymous_marshaller_bindingsFactory output file size is 2860 bytes
 Found 11 methods:
  org.jibx.runtime.IBindingFactory getInstance
  [Ljava.lang.String; getNamespaces
  int getCompilerVersion
  org.jibx.runtime.IMarshallingContext createMarshallingContext
  org.jibx.runtime.IUnmarshallingContext createUnmarshallingContext
  java.lang.String getCompilerDistribution
  [Ljava.lang.String; getPrefixes
  [Ljava.lang.String; getMappedClasses
  [Ljava.lang.String; getElementNamespaces
  [Ljava.lang.String; getElementNames
  int getTypeIndex

 com.volantis.synergetics.reporting.marshaller.JiBX_default_marshaller_bindingsTestDefaultMarshallerElement_access output file size is 2154 bytes
 Found 4 methods:
  void marshal
  java.lang.Object unmarshal
  boolean isPresent
  boolean isExtension

 com.volantis.synergetics.reporting.marshaller.JiBX_default_marshaller_bindingsTestDefaultMarshallerElement_access output file size is 2154 bytes
 Found 4 methods:
  void marshal
  java.lang.Object unmarshal
  boolean isPresent
  boolean isExtension

 com.volantis.synergetics.reporting.marshaller.TestDefaultMarshallerElement output file size is 3103 bytes
 Found 8 methods:
  void marshal
  void unmarshal
  int JiBX_getIndex
  com.volantis.synergetics.reporting.config.DatasourceConfiguration getDatasource
  void setDatasource
  com.volantis.synergetics.reporting.marshaller.TestDefaultMarshallerElement JiBX_default_marshaller_bindings_newinstance_1_0
  com.volantis.synergetics.reporting.marshaller.TestDefaultMarshallerElement JiBX_default_marshaller_bindings_unmarshal_1_0
  void JiBX_default_marshaller_bindings_marshal_1_0

 com.volantis.synergetics.reporting.marshaller.TestDefaultMarshallerElement output file size is 3103 bytes
 Found 8 methods:
  void marshal
  void unmarshal
  int JiBX_getIndex
  com.volantis.synergetics.reporting.config.DatasourceConfiguration getDatasource
  void setDatasource
  com.volantis.synergetics.reporting.marshaller.TestDefaultMarshallerElement JiBX_default_marshaller_bindings_newinstance_1_0
  com.volantis.synergetics.reporting.marshaller.TestDefaultMarshallerElement JiBX_default_marshaller_bindings_unmarshal_1_0
  void JiBX_default_marshaller_bindings_marshal_1_0

 com.volantis.synergetics.reporting.marshaller.JiBX_default_marshaller_bindingsTestDefaultMarshallerElement_access output file size is 2154 bytes
 Found 4 methods:
  void marshal
  java.lang.Object unmarshal
  boolean isPresent
  boolean isExtension

 com.volantis.synergetics.reporting.marshaller.TestDefaultMarshallerElement output file size is 3103 bytes
 Found 8 methods:
  void marshal
  void unmarshal
  int JiBX_getIndex
  com.volantis.synergetics.reporting.config.DatasourceConfiguration getDatasource
  void setDatasource
  com.volantis.synergetics.reporting.marshaller.TestDefaultMarshallerElement JiBX_default_marshaller_bindings_newinstance_1_0
  com.volantis.synergetics.reporting.marshaller.TestDefaultMarshallerElement JiBX_default_marshaller_bindings_unmarshal_1_0
  void JiBX_default_marshaller_bindings_marshal_1_0

 com.volantis.synergetics.reporting.marshaller.TestDefaultMarshallerElement output file size is 3103 bytes
 Found 8 methods:
  void marshal
  void unmarshal
  int JiBX_getIndex
  com.volantis.synergetics.reporting.config.DatasourceConfiguration getDatasource
  void setDatasource
  com.volantis.synergetics.reporting.marshaller.TestDefaultMarshallerElement JiBX_default_marshaller_bindings_newinstance_1_0
  com.volantis.synergetics.reporting.marshaller.TestDefaultMarshallerElement JiBX_default_marshaller_bindings_unmarshal_1_0
  void JiBX_default_marshaller_bindings_marshal_1_0

 com.volantis.synergetics.reporting.marshaller.JiBX_default_marshaller_bindingsTestDefaultMarshallerElement_access output file size is 2154 bytes
 Found 4 methods:
  void marshal
  java.lang.Object unmarshal
  boolean isPresent
  boolean isExtension

 com.volantis.synergetics.reporting.marshaller.JiBX_default_marshaller_bindingsTestDefaultMarshallerElement_access output file size is 2154 bytes
 Found 4 methods:
  void marshal
  java.lang.Object unmarshal
  boolean isPresent
  boolean isExtension

 com.volantis.synergetics.reporting.marshaller.TestDefaultMarshallerElement output file size is 3103 bytes
 Found 8 methods:
  void marshal
  void unmarshal
  int JiBX_getIndex
  com.volantis.synergetics.reporting.config.DatasourceConfiguration getDatasource
  void setDatasource
  com.volantis.synergetics.reporting.marshaller.TestDefaultMarshallerElement JiBX_default_marshaller_bindings_newinstance_1_0
  com.volantis.synergetics.reporting.marshaller.TestDefaultMarshallerElement JiBX_default_marshaller_bindings_unmarshal_1_0
  void JiBX_default_marshaller_bindings_marshal_1_0

 com.volantis.synergetics.reporting.marshaller.TestDefaultMarshallerElement output file size is 3103 bytes
 Found 8 methods:
  void marshal
  void unmarshal
  int JiBX_getIndex
  com.volantis.synergetics.reporting.config.DatasourceConfiguration getDatasource
  void setDatasource
  com.volantis.synergetics.reporting.marshaller.TestDefaultMarshallerElement JiBX_default_marshaller_bindings_newinstance_1_0
  com.volantis.synergetics.reporting.marshaller.TestDefaultMarshallerElement JiBX_default_marshaller_bindings_unmarshal_1_0
  void JiBX_default_marshaller_bindings_marshal_1_0

 com.volantis.synergetics.reporting.marshaller.JiBX_default_marshaller_bindingsTestDefaultMarshallerElement_access output file size is 2154 bytes
 Found 4 methods:
  void marshal
  java.lang.Object unmarshal
  boolean isPresent
  boolean isExtension

 com.volantis.synergetics.reporting.marshaller.JiBX_default_marshaller_bindingsFactory output file size is 2853 bytes
 Found 11 methods:
  org.jibx.runtime.IBindingFactory getInstance
  [Ljava.lang.String; getNamespaces
  int getCompilerVersion
  org.jibx.runtime.IMarshallingContext createMarshallingContext
  org.jibx.runtime.IUnmarshallingContext createUnmarshallingContext
  java.lang.String getCompilerDistribution
  [Ljava.lang.String; getPrefixes
  [Ljava.lang.String; getMappedClasses
  [Ljava.lang.String; getElementNamespaces
  [Ljava.lang.String; getElementNames
  int getTypeIndex

 com.volantis.synergetics.reporting.marshaller.JiBX_default_marshaller_bindingsFactory output file size is 2853 bytes
 Found 11 methods:
  org.jibx.runtime.IBindingFactory getInstance
  [Ljava.lang.String; getNamespaces
  int getCompilerVersion
  org.jibx.runtime.IMarshallingContext createMarshallingContext
  org.jibx.runtime.IUnmarshallingContext createUnmarshallingContext
  java.lang.String getCompilerDistribution
  [Ljava.lang.String; getPrefixes
  [Ljava.lang.String; getMappedClasses
  [Ljava.lang.String; getElementNamespaces
  [Ljava.lang.String; getElementNames
  int getTypeIndex

 com.volantis.synergetics.reporting.marshaller.JiBX_default_marshaller_bindingsFactory output file size is 2853 bytes
 Found 11 methods:
  org.jibx.runtime.IBindingFactory getInstance
  [Ljava.lang.String; getNamespaces
  int getCompilerVersion
  org.jibx.runtime.IMarshallingContext createMarshallingContext
  org.jibx.runtime.IUnmarshallingContext createUnmarshallingContext
  java.lang.String getCompilerDistribution
  [Ljava.lang.String; getPrefixes
  [Ljava.lang.String; getMappedClasses
  [Ljava.lang.String; getElementNamespaces
  [Ljava.lang.String; getElementNames
  int getTypeIndex

 com.volantis.synergetics.reporting.marshaller.JiBX_default_marshaller_bindingsFactory output file size is 2853 bytes
 Found 11 methods:
  org.jibx.runtime.IBindingFactory getInstance
  [Ljava.lang.String; getNamespaces
  int getCompilerVersion
  org.jibx.runtime.IMarshallingContext createMarshallingContext
  org.jibx.runtime.IUnmarshallingContext createUnmarshallingContext
  java.lang.String getCompilerDistribution
  [Ljava.lang.String; getPrefixes
  [Ljava.lang.String; getMappedClasses
  [Ljava.lang.String; getElementNamespaces
  [Ljava.lang.String; getElementNames
  int getTypeIndex

 com.volantis.synergetics.reporting.marshaller.JiBX_default_marshaller_bindingsFactory output file size is 2853 bytes
 Found 11 methods:
  org.jibx.runtime.IBindingFactory getInstance
  [Ljava.lang.String; getNamespaces
  int getCompilerVersion
  org.jibx.runtime.IMarshallingContext createMarshallingContext
  org.jibx.runtime.IUnmarshallingContext createUnmarshallingContext
  java.lang.String getCompilerDistribution
  [Ljava.lang.String; getPrefixes
  [Ljava.lang.String; getMappedClasses
  [Ljava.lang.String; getElementNamespaces
  [Ljava.lang.String; getElementNames
  int getTypeIndex

 com.volantis.synergetics.reporting.marshaller.JiBX_default_marshaller_bindingsFactory output file size is 2853 bytes
 Found 11 methods:
  org.jibx.runtime.IBindingFactory getInstance
  [Ljava.lang.String; getNamespaces
  int getCompilerVersion
  org.jibx.runtime.IMarshallingContext createMarshallingContext
  org.jibx.runtime.IUnmarshallingContext createUnmarshallingContext
  java.lang.String getCompilerDistribution
  [Ljava.lang.String; getPrefixes
  [Ljava.lang.String; getMappedClasses
  [Ljava.lang.String; getElementNamespaces
  [Ljava.lang.String; getElementNames
  int getTypeIndex

 com.volantis.synergetics.reporting.marshaller.JiBX_default_marshaller_bindingsFactory output file size is 2853 bytes
 Found 11 methods:
  org.jibx.runtime.IBindingFactory getInstance
  [Ljava.lang.String; getNamespaces
  int getCompilerVersion
  org.jibx.runtime.IMarshallingContext createMarshallingContext
  org.jibx.runtime.IUnmarshallingContext createUnmarshallingContext
  java.lang.String getCompilerDistribution
  [Ljava.lang.String; getPrefixes
  [Ljava.lang.String; getMappedClasses
  [Ljava.lang.String; getElementNamespaces
  [Ljava.lang.String; getElementNames
  int getTypeIndex

 com.volantis.synergetics.reporting.marshaller.JiBX_default_marshaller_bindingsFactory output file size is 2853 bytes
 Found 11 methods:
  org.jibx.runtime.IBindingFactory getInstance
  [Ljava.lang.String; getNamespaces
  int getCompilerVersion
  org.jibx.runtime.IMarshallingContext createMarshallingContext
  org.jibx.runtime.IUnmarshallingContext createUnmarshallingContext
  java.lang.String getCompilerDistribution
  [Ljava.lang.String; getPrefixes
  [Ljava.lang.String; getMappedClasses
  [Ljava.lang.String; getElementNamespaces
  [Ljava.lang.String; getElementNames
  int getTypeIndex

 com.volantis.synergetics.reporting.marshaller.JiBX_default_marshaller_bindingsFactory output file size is 2853 bytes
 Found 11 methods:
  org.jibx.runtime.IBindingFactory getInstance
  [Ljava.lang.String; getNamespaces
  int getCompilerVersion
  org.jibx.runtime.IMarshallingContext createMarshallingContext
  org.jibx.runtime.IUnmarshallingContext createUnmarshallingContext
  java.lang.String getCompilerDistribution
  [Ljava.lang.String; getPrefixes
  [Ljava.lang.String; getMappedClasses
  [Ljava.lang.String; getElementNamespaces
  [Ljava.lang.String; getElementNames
  int getTypeIndex

 com.volantis.synergetics.reporting.marshaller.JiBX_default_marshaller_bindingsFactory output file size is 2853 bytes
 Found 11 methods:
  org.jibx.runtime.IBindingFactory getInstance
  [Ljava.lang.String; getNamespaces
  int getCompilerVersion
  org.jibx.runtime.IMarshallingContext createMarshallingContext
  org.jibx.runtime.IUnmarshallingContext createUnmarshallingContext
  java.lang.String getCompilerDistribution
  [Ljava.lang.String; getPrefixes
  [Ljava.lang.String; getMappedClasses
  [Ljava.lang.String; getElementNamespaces
  [Ljava.lang.String; getElementNames
  int getTypeIndex

 com.volantis.synergetics.reporting.marshaller.JiBX_default_marshaller_bindingsFactory output file size is 2853 bytes
 Found 11 methods:
  org.jibx.runtime.IBindingFactory getInstance
  [Ljava.lang.String; getNamespaces
  int getCompilerVersion
  org.jibx.runtime.IMarshallingContext createMarshallingContext
  org.jibx.runtime.IUnmarshallingContext createUnmarshallingContext
  java.lang.String getCompilerDistribution
  [Ljava.lang.String; getPrefixes
  [Ljava.lang.String; getMappedClasses
  [Ljava.lang.String; getElementNamespaces
  [Ljava.lang.String; getElementNames
  int getTypeIndex

 com.volantis.synergetics.reporting.marshaller.JiBX_default_marshaller_bindingsFactory output file size is 2853 bytes
 Found 11 methods:
  org.jibx.runtime.IBindingFactory getInstance
  [Ljava.lang.String; getNamespaces
  int getCompilerVersion
  org.jibx.runtime.IMarshallingContext createMarshallingContext
  org.jibx.runtime.IUnmarshallingContext createUnmarshallingContext
  java.lang.String getCompilerDistribution
  [Ljava.lang.String; getPrefixes
  [Ljava.lang.String; getMappedClasses
  [Ljava.lang.String; getElementNamespaces
  [Ljava.lang.String; getElementNames
  int getTypeIndex

 com.volantis.synergetics.reporting.marshaller.JiBX_default_marshaller_bindingsFactory output file size is 2853 bytes
 Found 11 methods:
  org.jibx.runtime.IBindingFactory getInstance
  [Ljava.lang.String; getNamespaces
  int getCompilerVersion
  org.jibx.runtime.IMarshallingContext createMarshallingContext
  org.jibx.runtime.IUnmarshallingContext createUnmarshallingContext
  java.lang.String getCompilerDistribution
  [Ljava.lang.String; getPrefixes
  [Ljava.lang.String; getMappedClasses
  [Ljava.lang.String; getElementNamespaces
  [Ljava.lang.String; getElementNames
  int getTypeIndex

Kept 0 files unchanged:

Deleted 0 files:
external target {com.volantis.build}:prepare-tests
Preparing subsystem reporting
Preparing subsystem reporting
Running tests for subsystem reporting
Creating module file: module8
[Error] :43:30: cos-nonambig: "":license and WC[##any] (or elements from their substitution group) violate "Unique Particle Attribution". During validation against this schema, ambiguity would be created for those two particles.
:: resolving dependencies :: com.volantis#junit;working@v-pduffin.uk.volantis.com
	confs: [default]
	found org.junit#api;3.8.2 in local:ivy-sandbox
	found net.sourceforge#junit-addons;1.4 in local:ivy-sandbox
:: resolution report :: resolve 61ms :: artifacts dl 1ms
	:: modules in use:
	net.sourceforge#junit-addons;1.4 from local:ivy-sandbox in [default]
	org.junit#api;3.8.2 from local:ivy-sandbox in [default]
	---------------------------------------------------------------------
	|                  |            modules            ||   artifacts   |
	|       conf       | number| search|dwnlded|evicted|| number|dwnlded|
	---------------------------------------------------------------------
	|      default     |   2   |   0   |   0   |   0   ||   3   |   0   |
	---------------------------------------------------------------------
Test execute path
reporting:tests:transitiveExecutePath: [reporting:tests:output: [/srv/git/Synergetics/built/subsystems/reporting/output/test/tests/jibx-classes], reporting:tests:transitiveExecuteOnlyPath: [reporting:tests:executeOnly: [mock:main:executeOnly: [mock:api:compileExecute: [localization:main:compileExecute: [localization:api:output: [/srv/git/Synergetics/built/subsystems/localization/output/main/api/classes]], mock:api:artifacts:compileExecute: [/srv/git/Synergetics/built/ivy/cache/javax.servlet/api/2.4/jar/javax.servlet.api-2.4.jar, /srv/git/Synergetics/built/ivy/cache/org.eclipse.equinox/osgi/3.3.1.1/jar/org.eclipse.equinox.osgi-3.3.1.1.jar, /srv/git/Synergetics/built/ivy/cache/org.eclipse.equinox/osgi-services/3.1.200/jar/org.eclipse.equinox.osgi-services-3.1.200.jar]], mock:api:executeOnly: [localization:main:executeOnly: [localization:api:compileExecute: [localization:api:artifacts:compileExecute: [/srv/git/Synergetics/built/ivy/cache/org.apache/log4j/1.2.8/jar/org.apache.log4j-1.2.8.jar, /srv/git/Synergetics/built/ivy/cache/javax.servlet/api/2.4/jar/javax.servlet.api-2.4.jar]], localization:api:executeOnly: [], localization:impl:output: [/srv/git/Synergetics/built/subsystems/localization/output/main/impl/classes], localization:impl:compileExecute: [localization:impl:artifacts:compileExecute: []], localization:impl:executeOnly: []]], mock:impl:output: [/srv/git/Synergetics/built/subsystems/mock/output/main/impl/classes], mock:impl:compileExecute: [mock:impl:artifacts:compileExecute: []], mock:impl:executeOnly: []], mock:test:executeOnly: [mock:support:compileExecute: [localization:test:compileExecute: [localization:support:output: [/srv/git/Synergetics/built/subsystems/localization/output/test/support/classes]], mock:support:artifacts:compileExecute: [/srv/git/Synergetics/built/ivy/cache/com.volantis/testtools.mock/newbuild/support/com.volantis.testtools.mock-newbuild.jar, /srv/git/Synergetics/built/ivy/cache/org.junit/api/3.8.2/jar/org.junit.api-3.8.2.jar, /srv/git/Synergetics/built/ivy/cache/net.sourceforge/junit-addons/1.4/jar/net.sourceforge.junit-addons-1.4.jar, /srv/git/Synergetics/built/ivy/cache/org.eclipse.equinox/osgi/3.3.1.1/jar/org.eclipse.equinox.osgi-3.3.1.1.jar, /srv/git/Synergetics/built/ivy/cache/org.eclipse.equinox/osgi-services/3.1.200/jar/org.eclipse.equinox.osgi-services-3.1.200.jar]], mock:support:executeOnly: [localization:test:executeOnly: [localization:support:compileExecute: [localization:support:artifacts:compileExecute: [/srv/git/Synergetics/built/ivy/cache/com.volantis/testtools.mock/newbuild/support/com.volantis.testtools.mock-newbuild.jar, /srv/git/Synergetics/built/ivy/cache/org.junit/api/3.8.2/jar/org.junit.api-3.8.2.jar, /srv/git/Synergetics/built/ivy/cache/net.sourceforge/junit-addons/1.4/jar/net.sourceforge.junit-addons-1.4.jar]], localization:support:executeOnly: []]]], testtools:main:executeOnly: [testtools:api:compileExecute: [runtime:main:compileExecute: [runtime:api:output: [/srv/git/Synergetics/built/subsystems/runtime/output/main/api/classes]], testtools:api:artifacts:compileExecute: [/srv/git/Synergetics/built/ivy/cache/com.meterware/httpunit/1.4.5/jar/com.meterware.httpunit-1.4.5.jar, /srv/git/Synergetics/built/ivy/cache/org.junit/api/3.8.2/jar/org.junit.api-3.8.2.jar, /srv/git/Synergetics/built/ivy/cache/org.custommonkey/xmlunit/1.0/jar/org.custommonkey.xmlunit-1.0.jar, /srv/git/Synergetics/built/ivy/cache/net.sourceforge/junit-addons/1.4/jar/net.sourceforge.junit-addons-1.4.jar, /srv/git/Synergetics/built/ivy/cache/org.apache/log4j/1.2.8/jar/org.apache.log4j-1.2.8.jar, /srv/git/Synergetics/built/ivy/cache/javax.servlet/api/2.4/jar/javax.servlet.api-2.4.jar, /srv/git/Synergetics/built/ivy/cache/com.volantis.jdom/api/0.9/jar/com.volantis.jdom.api-0.9.jar]], testtools:api:executeOnly: [runtime:main:executeOnly: [runtime:api:compileExecute: [localization:main:compileExecute: [localization:api:output: [/srv/git/Synergetics/built/subsystems/localization/output/main/api/classes]], runtime:api:artifacts:compileExecute: [/srv/git/Synergetics/built/ivy/cache/javax.servlet/api/2.4/jar/javax.servlet.api-2.4.jar, /srv/git/Synergetics/built/ivy/cache/org.jibx/api/1.1.5/jar/org.jibx.api-1.1.5.jar, /srv/git/Synergetics/built/ivy/cache/javax.jdo/api/2.0/jar/javax.jdo.api-2.0.jar, /srv/git/Synergetics/built/ivy/cache/com.volantis.jdom/api/0.9/jar/com.volantis.jdom.api-0.9.jar]], runtime:api:executeOnly: [localization:main:executeOnly: [localization:api:compileExecute: [localization:api:artifacts:compileExecute: [/srv/git/Synergetics/built/ivy/cache/org.apache/log4j/1.2.8/jar/org.apache.log4j-1.2.8.jar, /srv/git/Synergetics/built/ivy/cache/javax.servlet/api/2.4/jar/javax.servlet.api-2.4.jar]], localization:api:executeOnly: [], localization:impl:output: [/srv/git/Synergetics/built/subsystems/localization/output/main/impl/classes], localization:impl:compileExecute: [localization:impl:artifacts:compileExecute: []], localization:impl:executeOnly: []]], runtime:impl:output: [/srv/git/Synergetics/built/subsystems/runtime/output/main/impl/classes], runtime:impl:compileExecute: [runtime:impl:artifacts:compileExecute: []], runtime:impl:executeOnly: []]], testtools:impl:output: [/srv/git/Synergetics/built/subsystems/testtools/output/main/impl/classes], testtools:impl:compileExecute: [testtools:impl:artifacts:compileExecute: []], testtools:impl:executeOnly: []], testtools:test:executeOnly: [testtools:support:compileExecute: [runtime:test:compileExecute: [runtime:support:output: [/srv/git/Synergetics/built/subsystems/runtime/output/test/support/classes]], testtools:support:artifacts:compileExecute: [/srv/git/Synergetics/built/ivy/cache/com.meterware/httpunit/1.4.5/jar/com.meterware.httpunit-1.4.5.jar, /srv/git/Synergetics/built/ivy/cache/com.volantis/testtools.mock/newbuild/support/com.volantis.testtools.mock-newbuild.jar]], testtools:support:executeOnly: [runtime:test:executeOnly: [runtime:support:compileExecute: [localization:test:compileExecute: [localization:support:output: [/srv/git/Synergetics/built/subsystems/localization/output/test/support/classes]], runtime:support:artifacts:compileExecute: [/srv/git/Synergetics/built/ivy/cache/com.volantis/testtools.mock/newbuild/support/com.volantis.testtools.mock-newbuild.jar, /srv/git/Synergetics/built/ivy/cache/org.junit/api/3.8.2/jar/org.junit.api-3.8.2.jar, /srv/git/Synergetics/built/ivy/cache/net.sourceforge/junit-addons/1.4/jar/net.sourceforge.junit-addons-1.4.jar]], runtime:support:executeOnly: [localization:test:executeOnly: [localization:support:compileExecute: [localization:support:artifacts:compileExecute: [/srv/git/Synergetics/built/ivy/cache/com.volantis/testtools.mock/newbuild/support/com.volantis.testtools.mock-newbuild.jar, /srv/git/Synergetics/built/ivy/cache/org.junit/api/3.8.2/jar/org.junit.api-3.8.2.jar, /srv/git/Synergetics/built/ivy/cache/net.sourceforge/junit-addons/1.4/jar/net.sourceforge.junit-addons-1.4.jar]], localization:support:executeOnly: []]]]]], reporting:tests:artifacts:executeOnly: [/srv/git/Synergetics/built/ivy/cache/com.meterware/httpunit/1.4.5/jar/com.meterware.httpunit-1.4.5.jar]], reporting:support:executeOnly: [cornerstone:test:executeOnly: [cornerstone:support:compileExecute: [localization:test:compileExecute: [localization:support:output: [/srv/git/Synergetics/built/subsystems/localization/output/test/support/classes]], cornerstone:support:artifacts:compileExecute: [/srv/git/Synergetics/built/ivy/cache/com.volantis/testtools.mock/newbuild/support/com.volantis.testtools.mock-newbuild.jar, /srv/git/Synergetics/built/ivy/cache/org.junit/api/3.8.2/jar/org.junit.api-3.8.2.jar, /srv/git/Synergetics/built/ivy/cache/net.sourceforge/junit-addons/1.4/jar/net.sourceforge.junit-addons-1.4.jar, /srv/git/Synergetics/built/ivy/cache/com.volantis.apache/xerces/2.6.2/jar/com.volantis.apache.xerces-2.6.2.jar]], cornerstone:support:executeOnly: [localization:test:executeOnly: [localization:support:compileExecute: [localization:support:artifacts:compileExecute: [/srv/git/Synergetics/built/ivy/cache/com.volantis/testtools.mock/newbuild/support/com.volantis.testtools.mock-newbuild.jar, /srv/git/Synergetics/built/ivy/cache/org.junit/api/3.8.2/jar/org.jun/srv/git/Synergetics/built/ivy/cache/org.junit/api/3.8.2/jar/org.junit.api-3.8.2.jar
/srv/git/Synergetics/built/ivy/cache/org.junit/api/3.8.2/sources/org.junit.api-3.8.2.jar
/srv/git/Synergetics/built/ivy/cache/net.sourceforge/junit-addons/1.4/jar/net.sourceforge.junit-addons-1.4.jar
/srv/git/Synergetics/built/subsystems/reporting/output/test/tests/jibx-classes
/srv/git/Synergetics/built/subsystems/localization/output/main/api/classes
/srv/git/Synergetics/built/ivy/cache/javax.servlet/api/2.4/jar/javax.servlet.api-2.4.jar
/srv/git/Synergetics/built/ivy/cache/org.eclipse.equinox/osgi/3.3.1.1/jar/org.eclipse.equinox.osgi-3.3.1.1.jar
/srv/git/Synergetics/built/ivy/cache/org.eclipse.equinox/osgi-services/3.1.200/jar/org.eclipse.equinox.osgi-services-3.1.200.jar
/srv/git/Synergetics/built/ivy/cache/org.apache/log4j/1.2.8/jar/org.apache.log4j-1.2.8.jar
/srv/git/Synergetics/built/subsystems/localization/output/main/impl/classes
/srv/git/Synergetics/built/subsystems/mock/output/main/impl/classes
/srv/git/Synergetics/built/subsystems/localization/output/test/support/classes
/srv/git/Synergetics/built/ivy/cache/com.volantis/testtools.mock/newbuild/support/com.volantis.testtools.mock-newbuild.jar
/srv/git/Synergetics/built/ivy/cache/org.junit/api/3.8.2/jar/org.junit.api-3.8.2.jar
/srv/git/Synergetics/built/ivy/cache/net.sourceforge/junit-addons/1.4/jar/net.sourceforge.junit-addons-1.4.jar
/srv/git/Synergetics/built/subsystems/runtime/output/main/api/classes
/srv/git/Synergetics/built/ivy/cache/com.meterware/httpunit/1.4.5/jar/com.meterware.httpunit-1.4.5.jar
/srv/git/Synergetics/built/ivy/cache/org.custommonkey/xmlunit/1.0/jar/org.custommonkey.xmlunit-1.0.jar
/srv/git/Synergetics/built/ivy/cache/com.volantis.jdom/api/0.9/jar/com.volantis.jdom.api-0.9.jar
/srv/git/Synergetics/built/ivy/cache/org.jibx/api/1.1.5/jar/org.jibx.api-1.1.5.jar
/srv/git/Synergetics/built/ivy/cache/javax.jdo/api/2.0/jar/javax.jdo.api-2.0.jar
/srv/git/Synergetics/built/subsystems/runtime/output/main/impl/classes
/srv/git/Synergetics/built/subsystems/testtools/output/main/impl/classes
/srv/git/Synergetics/built/subsystems/runtime/output/test/support/classes
/srv/git/Synergetics/built/ivy/cache/com.volantis.apache/xerces/2.6.2/jar/com.volantis.apache.xerces-2.6.2.jar
/srv/git/Synergetics/built/ivy/cache/com.volantis/testtools.mock/newbuild/jar/com.volantis.testtools.mock-newbuild.jar
/srv/git/Synergetics/built/ivy/cache/com.volantis.apache/xalan/2.6.0/jar/com.volantis.apache.xalan-2.6.0.jar
/srv/git/Synergetics/built/subsystems/cornerstone/output/main/impl/classes
/srv/git/Synergetics/built/ivy/cache/org.apache/commons.collections/2.1/jar/org.apache.commons.collections-2.1.jar
/srv/git/Synergetics/built/ivy/cache/org.apache/commons.pool/1.2/jar/org.apache.commons.pool-1.2.jar
/srv/git/Synergetics/built/ivy/cache/org.codehaus/woodstox/3.2.1/jar/org.codehaus.woodstox-3.2.1.jar
/srv/git/Synergetics/built/ivy/cache/javax.xml.stream/api/1.0.1/jar/javax.xml.stream.api-1.0.1.jar
/srv/git/Synergetics/built/subsystems/mock/output/main/api/classes
/srv/git/Synergetics/built/subsystems/mock/output/test/support/classes
/srv/git/Synergetics/built/subsystems/testtools/output/main/api/classes
/srv/git/Synergetics/built/subsystems/testtools/output/test/support/classes
/srv/git/Synergetics/built/subsystems/cornerstone/output/test/support/classes
/srv/git/Synergetics/built/subsystems/reporting/output/test/support/classes
/srv/git/Synergetics/built/subsystems/reporting/output/main/impl/jibx-classes
/srv/git/Synergetics/built/subsystems/cornerstone/output/main/api/classes
/srv/git/Synergetics/built/ivy/cache/org.apache/commons.dbcp/1.2.1/jar/org.apache.commons.dbcp-1.2.1.jar
/srv/git/Synergetics/built/subsystems/reporting/output/main/api/jibx-classes
    [junit] Running com.volantis.synergetics.reporting.DynamicReportTestCase
    [junit] Tests run: 1, Failures: 0, Errors: 0, Time elapsed: 0.413 sec
    [junit] Running com.volantis.synergetics.reporting.Log4jHandlerReportingTestCase
    [junit] Tests run: 3, Failures: 0, Errors: 0, Time elapsed: 0.104 sec
    [junit] Running com.volantis.synergetics.reporting.Log4jReportHandlerTestCase
    [junit] Tests run: 1, Failures: 0, Errors: 0, Time elapsed: 0.106 sec
    [junit] Running com.volantis.synergetics.reporting.SQLHandlerReportingTestCase
    [junit] Tests run: 3, Failures: 0, Errors: 0, Time elapsed: 0.006 sec
    [junit] Running com.volantis.synergetics.reporting.config.ReportingConfigurationTestCase
    [junit] Tests run: 2, Failures: 0, Errors: 0, Time elapsed: 0.053 sec
    [junit] Running com.volantis.synergetics.reporting.impl.osgi.JDBCReportHandlerTestCase
    [junit] Tests run: 1, Failures: 0, Errors: 0, Time elapsed: 0.117 sec
    [junit] Running com.volantis.synergetics.reporting.impl.osgi.Log4JReportHandlerTestCase
    [junit] Tests run: 1, Failures: 0, Errors: 0, Time elapsed: 0.011 sec
    [junit] Running com.volantis.synergetics.reporting.impl.osgi.ManagedServiceFactoryTestCase
    [junit] Tests run: 1, Failures: 0, Errors: 0, Time elapsed: 0.023 sec
    [junit] Running com.volantis.synergetics.reporting.marshaller.AnonymousDatasourceMarshallerTestCase
    [junit] Tests run: 4, Failures: 0, Errors: 0, Time elapsed: 0.084 sec
    [junit] Running com.volantis.synergetics.reporting.marshaller.DefaultDatasourceMarshallerTestCase
    [junit] Tests run: 1, Failures: 0, Errors: 0, Time elapsed: 0.036 sec
external target {com.volantis.build}:package
      [jar] Building jar: /srv/git/Synergetics/built/subsystems/reporting/api/synergetics.reporting.jar
      [jar] Building jar: /srv/git/Synergetics/built/subsystems/reporting/jar/synergetics.reporting.jar
external target {com.volantis.build}:publish-local
internal target {com.volantis.build}:publish
Creating module file: module9
[Error] :43:30: cos-nonambig: "":license and WC[##any] (or elements from their substitution group) violate "Unique Particle Attribution". During validation against this schema, ambiguity would be created for those two particles.
:: resolving dependencies :: com.volantis#synergetics.reporting;working@v-pduffin.uk.volantis.com
	confs: [main-compile-only, main-compile-execute, main-execute-only, test-compile-only, test-compile-execute, test-execute-only]
	found org.apache#commons.dbcp;1.2.1 in local:ivy-sandbox
	found org.apache#log4j;1.2.8 in local:ivy-sandbox
	found org.jibx#api;1.1.5 in local:ivy-sandbox
	found org.eclipse.equinox#osgi;3.3.1.1 in local:ivy-sandbox
	found org.eclipse.equinox#osgi-services;3.1.200 in local:ivy-sandbox
	found org.apache#commons.collections;2.1 in local:ivy-sandbox
	found org.apache#commons.pool;1.2 in local:ivy-sandbox
	found org.codehaus#woodstox;3.2.1 in local:ivy-sandbox
	found javax.xml.stream#api;1.0.1 in local:ivy-sandbox
:: resolution report :: resolve 1629ms :: artifacts dl 4ms
	:: modules in use:
	javax.xml.stream#api;1.0.1 from local:ivy-sandbox in [main-execute-only]
	org.apache#commons.collections;2.1 from local:ivy-sandbox in [main-execute-only]
	org.apache#commons.dbcp;1.2.1 from local:ivy-sandbox in [main-compile-only, main-compile-execute, main-execute-only]
	org.apache#commons.pool;1.2 from local:ivy-sandbox in [main-execute-only]
	org.apache#log4j;1.2.8 from local:ivy-sandbox in [main-compile-only, main-compile-execute, main-execute-only]
	org.codehaus#woodstox;3.2.1 from local:ivy-sandbox in [main-execute-only]
	org.eclipse.equinox#osgi;3.3.1.1 from local:ivy-sandbox in [main-compile-execute, main-execute-only, test-compile-execute, test-execute-only]
	org.eclipse.equinox#osgi-services;3.1.200 from local:ivy-sandbox in [main-compile-execute, main-execute-only, test-compile-execute, test-execute-only]
	org.jibx#api;1.1.5 from local:ivy-sandbox in [main-compile-only, main-compile-execute, main-execute-only]
	---------------------------------------------------------------------
	|                  |            modules            ||   artifacts   |
	|       conf       | number| search|dwnlded|evicted|| number|dwnlded|
	---------------------------------------------------------------------
	| main-compile-only|   6   |   0   |   0   |   0   ||   0   |   0   |
	|main-compile-execu|   8   |   0   |   0   |   0   ||   5   |   0   |
	| main-execute-only|   12  |   0   |   0   |   0   ||   6   |   0   |
	| test-compile-only|   3   |   0   |   0   |   0   ||   0   |   0   |
	|test-compile-execu|   5   |   0   |   0   |   0   ||   2   |   0   |
	| test-execute-only|   5   |   0   |   0   |   0   ||   2   |   0   |
	---------------------------------------------------------------------

:: problems summary ::
:::: WARNINGS
		module not found: com.volantis#synergetics.localization;newbuild

	==== local:ivy-externals: tried

	  /srv/repository/ivy/externals/com.volantis/synergetics.localization/newbuild/ivy-newbuild.xml

	  -- artifact com.volantis#synergetics.localization;newbuild!synergetics.localization.jar:

	  /srv/repository/ivy/externals/com.volantis/synergetics.localization/newbuild/jar/com.volantis.synergetics.localization-newbuild.jar

	==== local:ivy-sandbox: tried

	  /srv/git/Externals/built/ivy/repository/sandbox/com.volantis/synergetics.localization/newbuild/ivy-newbuild.xml

	  -- artifact com.volantis#synergetics.localization;newbuild!synergetics.localization.jar:

	  /srv/git/Externals/built/ivy/repository/sandbox/com.volantis/synergetics.localization/newbuild/jar/com.volantis.synergetics.localization-newbuild.jar

	==== remote:ivy-externals: tried

	  ssh://git@vol-eng-git.uk.volantis.com/ivy/externals/com.volantis/synergetics.localization/newbuild/ivy-newbuild.xml

	  -- artifact com.volantis#synergetics.localization;newbuild!synergetics.localization.jar:

	  ssh://git@vol-eng-git.uk.volantis.com/ivy/externals/com.volantis/synergetics.localization/newbuild/jar/com.volantis.synergetics.localization-newbuild.jar

		module not found: com.volantis#synergetics.cornerstone;newbuild

	==== local:ivy-externals: tried

	  /srv/repository/ivy/externals/com.volantis/synergetics.cornerstone/newbuild/ivy-newbuild.xml

	  -- artifact com.volantis#synergetics.cornerstone;newbuild!synergetics.cornerstone.jar:

	  /srv/repository/ivy/externals/com.volantis/synergetics.cornerstone/newbuild/jar/com.volantis.synergetics.cornerstone-newbuild.jar

	==== local:ivy-sandbox: tried

	  /srv/git/Externals/built/ivy/repository/sandbox/com.volantis/synergetics.cornerstone/newbuild/ivy-newbuild.xml

	  -- artifact com.volantis#synergetics.cornerstone;newbuild!synergetics.cornerstone.jar:

	  /srv/git/Externals/built/ivy/repository/sandbox/com.volantis/synergetics.cornerstone/newbuild/jar/com.volantis.synergetics.cornerstone-newbuild.jar

	==== remote:ivy-externals: tried

	  ssh://git@vol-eng-git.uk.volantis.com/ivy/externals/com.volantis/synergetics.cornerstone/newbuild/ivy-newbuild.xml

	  -- artifact com.volantis#synergetics.cornerstone;newbuild!synergetics.cornerstone.jar:

	  ssh://git@vol-eng-git.uk.volantis.com/ivy/externals/com.volantis/synergetics.cornerstone/newbuild/jar/com.volantis.synergetics.cornerstone-newbuild.jar

		module not found: com.volantis#synergetics.runtime;newbuild

	==== local:ivy-externals: tried

	  /srv/repository/ivy/externals/com.volantis/synergetics.runtime/newbuild/ivy-newbuild.xml

	  -- artifact com.volantis#synergetics.runtime;newbuild!synergetics.runtime.jar:

	  /srv/repository/ivy/externals/com.volantis/synergetics.runtime/newbuild/jar/com.volantis.synergetics.runtime-newbuild.jar

	==== local:ivy-sandbox: tried

	  /srv/git/Externals/built/ivy/repository/sandbox/com.volantis/synergetics.runtime/newbuild/ivy-newbuild.xml

	  -- artifact com.volantis#synergetics.runtime;newbuild!synergetics.runtime.jar:

	  /srv/git/Externals/built/ivy/repository/sandbox/com.volantis/synergetics.runtime/newbuild/jar/com.volantis.synergetics.runtime-newbuild.jar

	==== remote:ivy-externals: tried

	  ssh://git@vol-eng-git.uk.volantis.com/ivy/externals/com.volantis/synergetics.runtime/newbuild/ivy-newbuild.xml

	  -- artifact com.volantis#synergetics.runtime;newbuild!synergetics.runtime.jar:

	  ssh://git@vol-eng-git.uk.volantis.com/ivy/externals/com.volantis/synergetics.runtime/newbuild/jar/com.volantis.synergetics.runtime-newbuild.jar

		::::::::::::::::::::::::::::::::::::::::::::::

		::          UNRESOLVED DEPENDENCIES         ::

		::::::::::::::::::::::::::::::::::::::::::::::

		:: com.volantis#synergetics.localization;newbuild: not found

		:: com.volantis#synergetics.cornerstone;newbuild: not found

		:: com.volantis#synergetics.runtime;newbuild: not found

		::::::::::::::::::::::::::::::::::::::::::::::



:: USE VERBOSE OR DEBUG MESSAGE LEVEL FOR MORE DETAILS
3 nodes were unresolved
Module: com.volantis#synergetics.reporting;working@v-pduffin.uk.volantis.com has unresolved dependencies on:
    com.volantis#synergetics.cornerstone;newbuild
    com.volantis#synergetics.localization;newbuild
    com.volantis#synergetics.runtime;newbuild
[org.codehaus.groovy.runtime.InvokerInvocationException: Unresolved and not evicted dependencies, Unresolved and not evicted dependencies]
Unresolved and not evicted dependencies
Build execution took 14.6s
Total build took 18.8s
Finished
